[14:15:45.897][info] [#0:/Users/soc/.local/share/nvim/mason/packages/lua-language-server/libexec/main.lua:68]: Lua Lsp startup, root: 	/Users/soc/.local/share/nvim/mason/packages/lua-language-server/libexec
[14:15:45.898][info] [#0:/Users/soc/.local/share/nvim/mason/packages/lua-language-server/libexec/main.lua:69]: ROOT:	/Users/soc/.local/share/nvim/mason/packages/lua-language-server/libexec
[14:15:45.898][info] [#0:/Users/soc/.local/share/nvim/mason/packages/lua-language-server/libexec/main.lua:70]: LOGPATH:	/Users/soc/.local/share/nvim/mason/packages/lua-language-server/libexec/log
[14:15:45.898][info] [#0:/Users/soc/.local/share/nvim/mason/packages/lua-language-server/libexec/main.lua:71]: METAPATH:	/Users/soc/.local/share/nvim/mason/packages/lua-language-server/libexec/meta
[14:15:45.898][info] [#0:/Users/soc/.local/share/nvim/mason/packages/lua-language-server/libexec/main.lua:72]: VERSION:	3.9.3
[14:15:45.913][info] [#0:script/proto/proto.lua:234]: Listen Mode: stdio
[14:15:45.913][info] [#0:script/service/service.lua:145]: 
========= Medical Examination Report =========
    --------------- Memory ---------------
        Total: 1.392 MB
        # 00 : 1.392 MB
        # 01 : 0.000 MB
        # 02 : 0.000 MB
        # 03 : 0.000 MB
        # 04 : 0.000 MB
    --------------- Coroutine ---------------
        Total:     0
        Running:   0
        Suspended: 0
        Normal:    0
        Dead:      0
    --------------- Cache ---------------
        Total: 1
        Dead:  0
    ---------------  RPC  ---------------
        Holdon:   0
        Waiting:  0
==============================================
[14:15:45.916][info] [#0:script/client.lua:657]: Client init	{
  capabilities = {
    textDocument = {
      callHierarchy = {
        dynamicRegistration = false
      },
      codeAction = {
        codeActionLiteralSupport = {
          codeActionKind = {
            valueSet = { "", "quickfix", "refactor", "refactor.extract", "refactor.inline", "refactor.rewrite", "source", "source.organizeImports" }
          }
        },
        dataSupport = true,
        dynamicRegistration = false,
        isPreferredSupport = true,
        resolveSupport = {
          properties = { "edit" }
        }
      },
      completion = {
        completionItem = {
          commitCharactersSupport = true,
          deprecatedSupport = true,
          documentationFormat = { "markdown", "plaintext" },
          insertReplaceSupport = true,
          insertTextModeSupport = {
            valueSet = { 1, 2 }
          },
          labelDetailsSupport = true,
          preselectSupport = true,
          resolveSupport = {
            properties = { "documentation", "detail", "additionalTextEdits", "sortText", "filterText", "insertText", "textEdit", "insertTextFormat", "insertTextMode" }
          },
          snippetSupport = true,
          tagSupport = {
            valueSet = { 1 }
          }
        },
        completionItemKind = {
          valueSet = { 1, 2, 3, 4, 5, 6, 7, 8, 9, 10, 11, 12, 13, 14, 15, 16, 17, 18, 19, 20, 21, 22, 23, 24, 25 }
        },
        completionList = {
          itemDefaults = { "commitCharacters", "editRange", "insertTextFormat", "insertTextMode", "data" }
        },
        contextSupport = true,
        dynamicRegistration = false,
        insertTextMode = 1
      },
      declaration = {
        linkSupport = true
      },
      definition = {
        linkSupport = true
      },
      documentHighlight = {
        dynamicRegistration = false
      },
      documentSymbol = {
        dynamicRegistration = false,
        hierarchicalDocumentSymbolSupport = true,
        symbolKind = {
          valueSet = { 1, 2, 3, 4, 5, 6, 7, 8, 9, 10, 11, 12, 13, 14, 15, 16, 17, 18, 19, 20, 21, 22, 23, 24, 25, 26 }
        }
      },
      hover = {
        contentFormat = { "markdown", "plaintext" },
        dynamicRegistration = false
      },
      implementation = {
        linkSupport = true
      },
      publishDiagnostics = {
        relatedInformation = true,
        tagSupport = {
          valueSet = { 1, 2 }
        }
      },
      references = {
        dynamicRegistration = false
      },
      rename = {
        dynamicRegistration = false,
        prepareSupport = true
      },
      semanticTokens = {
        augmentsSyntaxTokens = true,
        dynamicRegistration = false,
        formats = { "relative" },
        multilineTokenSupport = false,
        overlappingTokenSupport = true,
        requests = {
          full = {
            delta = true
          },
          range = false
        },
        serverCancelSupport = false,
        tokenModifiers = { "declaration", "definition", "readonly", "static", "deprecated", "abstract", "async", "modification", "documentation", "defaultLibrary" },
        tokenTypes = { "namespace", "type", "class", "enum", "interface", "struct", "typeParameter", "parameter", "variable", "property", "enumMember", "event", "function", "method", "macro", "keyword", "modifier", "comment", "string", "number", "regexp", "operator", "decorator" }
      },
      signatureHelp = {
        dynamicRegistration = false,
        signatureInformation = {
          activeParameterSupport = true,
          documentationFormat = { "markdown", "plaintext" },
          parameterInformation = {
            labelOffsetSupport = true
          }
        }
      },
      synchronization = {
        didSave = true,
        dynamicRegistration = false,
        willSave = true,
        willSaveWaitUntil = true
      },
      typeDefinition = {
        linkSupport = true
      }
    },
    window = {
      showDocument = {
        support = true
      },
      showMessage = {
        messageActionItem = {
          additionalPropertiesSupport = false
        }
      },
      workDoneProgress = true
    },
    workspace = {
      applyEdit = true,
      configuration = true,
      didChangeWatchedFiles = {
        dynamicRegistration = false,
        relativePatternSupport = true
      },
      fileOperations = {
        didRename = true,
        willRename = true
      },
      semanticTokens = {
        refreshSupport = true
      },
      symbol = {
        dynamicRegistration = false,
        hierarchicalWorkspaceSymbolSupport = true,
        symbolKind = {
          valueSet = { 1, 2, 3, 4, 5, 6, 7, 8, 9, 10, 11, 12, 13, 14, 15, 16, 17, 18, 19, 20, 21, 22, 23, 24, 25, 26 }
        }
      },
      workspaceEdit = {
        resourceOperations = { "rename", "create", "delete" }
      },
      workspaceFolders = true
    }
  },
  clientInfo = {
    name = "Neovim",
    version = "0.9.5"
  },
  initializationOptions = {},
  processId = 2745,
  rootPath = "/Users/soc/Downloads/nvim_config",
  rootUri = "file:///Users/soc/Downloads/nvim_config",
  trace = "off",
  workspaceFolders = { {
      name = "/Users/soc/Downloads/nvim_config",
      uri = "file:///Users/soc/Downloads/nvim_config"
    } }
}
[14:15:45.916][info] [#0:script/language.lua:137]: VSC language: nil
[14:15:45.916][info] [#0:script/language.lua:138]: LS  language: en-us
[14:15:45.916][info] [#0:script/workspace/workspace.lua:38]: Workspace init root: 	file:///Users/soc/Downloads/nvim_config
[14:15:45.916][info] [#0:script/workspace/workspace.lua:42]: Log path: 	/Users/soc/.local/share/nvim/mason/packages/lua-language-server/libexec/log/file_Users_soc_Downloads_nvim_config.log
[14:15:45.916][info] [#0:script/workspace/workspace.lua:48]: Workspace create: 	file:///Users/soc/Downloads/nvim_config
[14:15:46.124][info] [#0:script/provider/provider.lua:46]: Load config from client	file:///Users/soc/Downloads/nvim_config
[14:15:46.124][info] [#0:script/provider/provider.lua:47]: {
  Lua = {
    codeLens = {
      enable = true
    },
    completion = {
      callSnippet = "Replace"
    },
    doc = {
      privateName = { "^_" }
    },
    hint = {
      arrayIndex = "Disable",
      enable = true,
      paramName = "Disable",
      paramType = true,
      semicolon = "Disable",
      setType = false
    },
    workspace = {
      checkThirdParty = false
    }
  }
}
[14:15:46.124][info] [#0:script/provider/provider.lua:46]: Load config from client	file:///Users/soc/Downloads/nvim_config
[14:15:46.124][info] [#0:script/provider/provider.lua:47]: {
  Lua = {
    codeLens = {
      enable = true
    },
    completion = {
      callSnippet = "Replace"
    },
    doc = {
      privateName = { "^_" }
    },
    hint = {
      arrayIndex = "Disable",
      enable = true,
      paramName = "Disable",
      paramType = true,
      semicolon = "Disable",
      setType = false
    },
    workspace = {
      checkThirdParty = false
    }
  }
}
[14:15:46.124][info] [#0:script/provider/provider.lua:61]: Load config from client	fallback
[14:15:46.124][info] [#0:script/provider/provider.lua:62]: {
  Lua = {
    codeLens = {
      enable = true
    },
    completion = {
      callSnippet = "Replace"
    },
    doc = {
      privateName = { "^_" }
    },
    hint = {
      arrayIndex = "Disable",
      enable = true,
      paramName = "Disable",
      paramType = true,
      semicolon = "Disable",
      setType = false
    },
    workspace = {
      checkThirdParty = false
    }
  }
}
[14:15:46.124][info] [#0:script/provider/provider.lua:61]: Load config from client	fallback
[14:15:46.125][info] [#0:script/provider/provider.lua:62]: {
  Lua = {
    codeLens = {
      enable = true
    },
    completion = {
      callSnippet = "Replace"
    },
    doc = {
      privateName = { "^_" }
    },
    hint = {
      arrayIndex = "Disable",
      enable = true,
      paramName = "Disable",
      paramType = true,
      semicolon = "Disable",
      setType = false
    },
    workspace = {
      checkThirdParty = false
    }
  }
}
[14:15:46.125][info] [#0:script/provider/provider.lua:46]: Load config from client	file:///Users/soc/Downloads/nvim_config
[14:15:46.125][info] [#0:script/provider/provider.lua:47]: {
  Lua = {
    codeLens = {
      enable = true
    },
    completion = {
      callSnippet = "Replace"
    },
    doc = {
      privateName = { "^_" }
    },
    hint = {
      arrayIndex = "Disable",
      enable = true,
      paramName = "Disable",
      paramType = true,
      semicolon = "Disable",
      setType = false
    },
    workspace = {
      checkThirdParty = false
    }
  }
}
[14:15:46.125][info] [#0:script/provider/provider.lua:61]: Load config from client	fallback
[14:15:46.125][info] [#0:script/provider/provider.lua:62]: {
  Lua = {
    codeLens = {
      enable = true
    },
    completion = {
      callSnippet = "Replace"
    },
    doc = {
      privateName = { "^_" }
    },
    hint = {
      arrayIndex = "Disable",
      enable = true,
      paramName = "Disable",
      paramType = true,
      semicolon = "Disable",
      setType = false
    },
    workspace = {
      checkThirdParty = false
    }
  }
}
[14:15:46.245][info] [#0:script/library.lua:212]: Init builtin library at:	file:///Users/soc/Downloads/nvim_config
[14:15:46.256][info] [#0:script/library.lua:212]: Init builtin library at:	nil
[14:15:46.371][info] [#0:script/workspace/workspace.lua:324]: Preload start:	file:///Users/soc/Downloads/nvim_config
[14:15:46.375][info] [#0:script/workspace/workspace.lua:330]: Scan files at:	file:///Users/soc/Downloads/nvim_config
[14:15:46.376][info] [#0:script/workspace/workspace.lua:324]: Preload start:	<fallback>
[14:15:46.378][info] [#0:script/workspace/workspace.lua:353]: Scan library at:	file:///Users/soc/.local/share/nvim/mason/packages/lua-language-server/libexec/meta/Lua%205.4%20en-us%20utf8/string.lua
[14:15:46.379][info] [#0:script/workspace/workspace.lua:353]: Scan library at:	file:///Users/soc/.local/share/nvim/mason/packages/lua-language-server/libexec/meta/Lua%205.4%20en-us%20utf8/math.lua
[14:15:46.379][info] [#0:script/workspace/workspace.lua:353]: Scan library at:	file:///Users/soc/.local/share/nvim/mason/packages/lua-language-server/libexec/meta/Lua%205.4%20en-us%20utf8/coroutine.lua
[14:15:46.379][info] [#0:script/workspace/workspace.lua:353]: Scan library at:	file:///Users/soc/.local/share/nvim/mason/packages/lua-language-server/libexec/meta/Lua%205.4%20en-us%20utf8/package.lua
[14:15:46.380][info] [#0:script/workspace/workspace.lua:353]: Scan library at:	file:///Users/soc/.local/share/nvim/mason/packages/lua-language-server/libexec/meta/Lua%205.4%20en-us%20utf8/builtin.lua
[14:15:46.380][info] [#0:script/workspace/workspace.lua:353]: Scan library at:	file:///Users/soc/.local/share/nvim/mason/packages/lua-language-server/libexec/meta/Lua%205.4%20en-us%20utf8/io.lua
[14:15:46.380][info] [#0:script/workspace/workspace.lua:353]: Scan library at:	file:///Users/soc/.local/share/nvim/mason/packages/lua-language-server/libexec/meta/Lua%205.4%20en-us%20utf8/debug.lua
[14:15:46.381][info] [#0:script/workspace/workspace.lua:353]: Scan library at:	file:///Users/soc/.local/share/nvim/mason/packages/lua-language-server/libexec/meta/Lua%205.4%20en-us%20utf8/os.lua
[14:15:46.381][info] [#0:script/workspace/workspace.lua:353]: Scan library at:	file:///Users/soc/.local/share/nvim/mason/packages/lua-language-server/libexec/meta/Lua%205.4%20en-us%20utf8/utf8.lua
[14:15:46.381][info] [#0:script/workspace/workspace.lua:353]: Scan library at:	file:///Users/soc/.local/share/nvim/mason/packages/lua-language-server/libexec/meta/Lua%205.4%20en-us%20utf8/table.lua
[14:15:46.381][info] [#0:script/workspace/workspace.lua:353]: Scan library at:	file:///Users/soc/.local/share/nvim/mason/packages/lua-language-server/libexec/meta/Lua%205.4%20en-us%20utf8/basic.lua
[14:15:46.382][info] [#0:script/workspace/workspace.lua:353]: Scan library at:	file:///Users/soc/.local/share/nvim/mason/packages/lua-language-server/libexec/meta/Lua%205.4%20en-us%20utf8/string.lua
[14:15:46.382][info] [#0:script/workspace/workspace.lua:353]: Scan library at:	file:///Users/soc/.local/share/nvim/mason/packages/lua-language-server/libexec/meta/Lua%205.4%20en-us%20utf8/math.lua
[14:15:46.382][info] [#0:script/workspace/workspace.lua:353]: Scan library at:	file:///Users/soc/.local/share/nvim/mason/packages/lua-language-server/libexec/meta/Lua%205.4%20en-us%20utf8/coroutine.lua
[14:15:46.382][info] [#0:script/workspace/workspace.lua:353]: Scan library at:	file:///Users/soc/.local/share/nvim/mason/packages/lua-language-server/libexec/meta/Lua%205.4%20en-us%20utf8/package.lua
[14:15:46.382][info] [#0:script/workspace/workspace.lua:353]: Scan library at:	file:///Users/soc/.local/share/nvim/mason/packages/lua-language-server/libexec/meta/Lua%205.4%20en-us%20utf8/builtin.lua
[14:15:46.382][info] [#0:script/workspace/workspace.lua:353]: Scan library at:	file:///Users/soc/.local/share/nvim/mason/packages/lua-language-server/libexec/meta/Lua%205.4%20en-us%20utf8/io.lua
[14:15:46.382][info] [#0:script/workspace/workspace.lua:353]: Scan library at:	file:///Users/soc/.local/share/nvim/mason/packages/lua-language-server/libexec/meta/Lua%205.4%20en-us%20utf8/debug.lua
[14:15:46.382][info] [#0:script/workspace/workspace.lua:353]: Scan library at:	file:///Users/soc/.local/share/nvim/mason/packages/lua-language-server/libexec/meta/Lua%205.4%20en-us%20utf8/os.lua
[14:15:46.383][info] [#0:script/workspace/workspace.lua:353]: Scan library at:	file:///Users/soc/.local/share/nvim/mason/packages/lua-language-server/libexec/meta/Lua%205.4%20en-us%20utf8/utf8.lua
[14:15:46.383][info] [#0:script/workspace/workspace.lua:353]: Scan library at:	file:///Users/soc/.local/share/nvim/mason/packages/lua-language-server/libexec/meta/Lua%205.4%20en-us%20utf8/table.lua
[14:15:46.383][info] [#0:script/workspace/workspace.lua:353]: Scan library at:	file:///Users/soc/.local/share/nvim/mason/packages/lua-language-server/libexec/meta/Lua%205.4%20en-us%20utf8/basic.lua
[14:15:46.488][info] [#0:script/workspace/workspace.lua:379]: Found 11 files at:	<fallback>
[14:15:46.488][info] [#0:script/workspace/loading.lua:161]: Load files from disk:	<fallback>
[14:15:46.488][info] [#0:script/workspace/workspace.lua:379]: Found 17 files at:	file:///Users/soc/Downloads/nvim_config
[14:15:46.488][info] [#0:script/workspace/loading.lua:161]: Load files from disk:	file:///Users/soc/Downloads/nvim_config
[14:15:46.490][info] [#0:script/workspace/loading.lua:89]: Skip loaded file: file:///Users/soc/Downloads/nvim_config/lua/config/options.lua
[14:15:46.594][info] [#0:script/workspace/loading.lua:101]: Preload file at: file:///Users/soc/.local/share/nvim/mason/packages/lua-language-server/libexec/meta/Lua%205.4%20en-us%20utf8/basic.lua , size = 15.619 KB
[14:15:46.612][info] [#0:script/workspace/loading.lua:113]: ++++As library of:	file:///Users/soc/.local/share/nvim/mason/packages/lua-language-server/libexec/meta/Lua%205.4%20en-us%20utf8/basic.lua
[14:15:46.612][info] [#0:script/workspace/loading.lua:98]: Skip loaded file: file:///Users/soc/.local/share/nvim/mason/packages/lua-language-server/libexec/meta/Lua%205.4%20en-us%20utf8/basic.lua
[14:15:46.612][info] [#0:script/workspace/loading.lua:101]: Preload file at: file:///Users/soc/.local/share/nvim/mason/packages/lua-language-server/libexec/meta/Lua%205.4%20en-us%20utf8/table.lua , size = 4.235 KB
[14:15:46.616][info] [#0:script/workspace/loading.lua:113]: ++++As library of:	file:///Users/soc/.local/share/nvim/mason/packages/lua-language-server/libexec/meta/Lua%205.4%20en-us%20utf8/table.lua
[14:15:46.616][info] [#0:script/workspace/loading.lua:98]: Skip loaded file: file:///Users/soc/.local/share/nvim/mason/packages/lua-language-server/libexec/meta/Lua%205.4%20en-us%20utf8/table.lua
[14:15:46.616][info] [#0:script/workspace/loading.lua:101]: Preload file at: file:///Users/soc/.local/share/nvim/mason/packages/lua-language-server/libexec/meta/Lua%205.4%20en-us%20utf8/utf8.lua , size = 2.386 KB
[14:15:46.618][info] [#0:script/workspace/loading.lua:113]: ++++As library of:	file:///Users/soc/.local/share/nvim/mason/packages/lua-language-server/libexec/meta/Lua%205.4%20en-us%20utf8/utf8.lua
[14:15:46.618][info] [#0:script/workspace/loading.lua:98]: Skip loaded file: file:///Users/soc/.local/share/nvim/mason/packages/lua-language-server/libexec/meta/Lua%205.4%20en-us%20utf8/utf8.lua
[14:15:46.618][info] [#0:script/workspace/loading.lua:101]: Preload file at: file:///Users/soc/.local/share/nvim/mason/packages/lua-language-server/libexec/meta/Lua%205.4%20en-us%20utf8/os.lua , size = 5.600 KB
[14:15:46.623][info] [#0:script/workspace/loading.lua:113]: ++++As library of:	file:///Users/soc/.local/share/nvim/mason/packages/lua-language-server/libexec/meta/Lua%205.4%20en-us%20utf8/os.lua
[14:15:46.623][info] [#0:script/workspace/loading.lua:98]: Skip loaded file: file:///Users/soc/.local/share/nvim/mason/packages/lua-language-server/libexec/meta/Lua%205.4%20en-us%20utf8/os.lua
[14:15:46.623][info] [#0:script/workspace/loading.lua:101]: Preload file at: file:///Users/soc/.local/share/nvim/mason/packages/lua-language-server/libexec/meta/Lua%205.4%20en-us%20utf8/debug.lua , size = 7.637 KB
[14:15:46.628][info] [#0:script/workspace/loading.lua:113]: ++++As library of:	file:///Users/soc/.local/share/nvim/mason/packages/lua-language-server/libexec/meta/Lua%205.4%20en-us%20utf8/debug.lua
[14:15:46.628][info] [#0:script/workspace/loading.lua:98]: Skip loaded file: file:///Users/soc/.local/share/nvim/mason/packages/lua-language-server/libexec/meta/Lua%205.4%20en-us%20utf8/debug.lua
[14:15:46.628][info] [#0:script/workspace/loading.lua:101]: Preload file at: file:///Users/soc/.local/share/nvim/mason/packages/lua-language-server/libexec/meta/Lua%205.4%20en-us%20utf8/io.lua , size = 6.364 KB
[14:15:46.633][info] [#0:script/workspace/loading.lua:113]: ++++As library of:	file:///Users/soc/.local/share/nvim/mason/packages/lua-language-server/libexec/meta/Lua%205.4%20en-us%20utf8/io.lua
[14:15:46.633][info] [#0:script/workspace/loading.lua:98]: Skip loaded file: file:///Users/soc/.local/share/nvim/mason/packages/lua-language-server/libexec/meta/Lua%205.4%20en-us%20utf8/io.lua
[14:15:46.633][info] [#0:script/workspace/loading.lua:101]: Preload file at: file:///Users/soc/.local/share/nvim/mason/packages/lua-language-server/libexec/meta/Lua%205.4%20en-us%20utf8/builtin.lua , size = 0.302 KB
[14:15:46.633][info] [#0:script/workspace/loading.lua:113]: ++++As library of:	file:///Users/soc/.local/share/nvim/mason/packages/lua-language-server/libexec/meta/Lua%205.4%20en-us%20utf8/builtin.lua
[14:15:46.633][info] [#0:script/workspace/loading.lua:98]: Skip loaded file: file:///Users/soc/.local/share/nvim/mason/packages/lua-language-server/libexec/meta/Lua%205.4%20en-us%20utf8/builtin.lua
[14:15:46.633][info] [#0:script/workspace/loading.lua:101]: Preload file at: file:///Users/soc/.local/share/nvim/mason/packages/lua-language-server/libexec/meta/Lua%205.4%20en-us%20utf8/package.lua , size = 2.944 KB
[14:15:46.635][info] [#0:script/workspace/loading.lua:113]: ++++As library of:	file:///Users/soc/.local/share/nvim/mason/packages/lua-language-server/libexec/meta/Lua%205.4%20en-us%20utf8/package.lua
[14:15:46.635][info] [#0:script/workspace/loading.lua:98]: Skip loaded file: file:///Users/soc/.local/share/nvim/mason/packages/lua-language-server/libexec/meta/Lua%205.4%20en-us%20utf8/package.lua
[14:15:46.635][info] [#0:script/workspace/loading.lua:101]: Preload file at: file:///Users/soc/.local/share/nvim/mason/packages/lua-language-server/libexec/meta/Lua%205.4%20en-us%20utf8/coroutine.lua , size = 2.590 KB
[14:15:46.636][info] [#0:script/workspace/loading.lua:113]: ++++As library of:	file:///Users/soc/.local/share/nvim/mason/packages/lua-language-server/libexec/meta/Lua%205.4%20en-us%20utf8/coroutine.lua
[14:15:46.636][info] [#0:script/workspace/loading.lua:98]: Skip loaded file: file:///Users/soc/.local/share/nvim/mason/packages/lua-language-server/libexec/meta/Lua%205.4%20en-us%20utf8/coroutine.lua
[14:15:46.637][info] [#0:script/workspace/loading.lua:101]: Preload file at: file:///Users/soc/.local/share/nvim/mason/packages/lua-language-server/libexec/meta/Lua%205.4%20en-us%20utf8/math.lua , size = 8.509 KB
[14:15:46.643][info] [#0:script/workspace/loading.lua:113]: ++++As library of:	file:///Users/soc/.local/share/nvim/mason/packages/lua-language-server/libexec/meta/Lua%205.4%20en-us%20utf8/math.lua
[14:15:46.643][info] [#0:script/workspace/loading.lua:98]: Skip loaded file: file:///Users/soc/.local/share/nvim/mason/packages/lua-language-server/libexec/meta/Lua%205.4%20en-us%20utf8/math.lua
[14:15:46.643][info] [#0:script/workspace/loading.lua:101]: Preload file at: file:///Users/soc/.local/share/nvim/mason/packages/lua-language-server/libexec/meta/Lua%205.4%20en-us%20utf8/string.lua , size = 6.341 KB
[14:15:46.646][info] [#0:script/workspace/loading.lua:113]: ++++As library of:	file:///Users/soc/.local/share/nvim/mason/packages/lua-language-server/libexec/meta/Lua%205.4%20en-us%20utf8/string.lua
[14:15:46.646][info] [#0:script/workspace/loading.lua:98]: Skip loaded file: file:///Users/soc/.local/share/nvim/mason/packages/lua-language-server/libexec/meta/Lua%205.4%20en-us%20utf8/string.lua
[14:15:46.646][info] [#0:script/workspace/loading.lua:101]: Preload file at: file:///Users/soc/Downloads/nvim_config/lua/config/autocmds.lua , size = 0.208 KB
[14:15:46.646][info] [#0:script/workspace/loading.lua:101]: Preload file at: file:///Users/soc/Downloads/nvim_config/init.lua , size = 0.123 KB
[14:15:46.646][info] [#0:script/workspace/loading.lua:101]: Preload file at: file:///Users/soc/Downloads/nvim_config/lua/config/keymaps.lua , size = 0.966 KB
[14:15:46.647][info] [#0:script/workspace/loading.lua:101]: Preload file at: file:///Users/soc/Downloads/nvim_config/lua/config/lazy.lua , size = 1.728 KB
[14:15:46.648][info] [#0:script/workspace/loading.lua:101]: Preload file at: file:///Users/soc/Downloads/nvim_config/lua/plugins/example.lua , size = 6.684 KB
[14:15:46.755][info] [#0:script/workspace/loading.lua:173]: Loaded files takes [0.065] sec: <fallback>
[14:15:46.755][info] [#0:script/workspace/loading.lua:182]: Compile files takes [0.000] sec: <fallback>
[14:15:46.755][info] [#0:script/workspace/loading.lua:183]: Loaded finish:	<fallback>
[14:15:46.755][info] [#0:script/workspace/workspace.lua:381]: Preload finish at:	<fallback>
[14:15:46.759][info] [#0:script/workspace/loading.lua:173]: Loaded files takes [0.070] sec: file:///Users/soc/Downloads/nvim_config
[14:15:46.759][info] [#0:script/workspace/loading.lua:182]: Compile files takes [0.000] sec: file:///Users/soc/Downloads/nvim_config
[14:15:46.759][info] [#0:script/workspace/loading.lua:183]: Loaded finish:	file:///Users/soc/Downloads/nvim_config
[14:15:46.759][info] [#0:script/workspace/workspace.lua:381]: Preload finish at:	file:///Users/soc/Downloads/nvim_config
[14:15:46.768][info] [#0:script/provider/diagnostic.lua:560]: Diagnostics scope [file:///Users/soc/Downloads/nvim_config], files count:[17]
[14:15:46.801][info] [#0:script/provider/diagnostic.lua:577]: Diagnostics scope [file:///Users/soc/Downloads/nvim_config] finished, takes [0.033] sec.
[14:15:52.983][info] [#0:script/provider/provider.lua:169]: Server shutdown.
[14:15:52.983][warn] [#0:script/pub/report.lua:25]: Load proto error:	Disconnected!
