[21:03:34.061][info] [#0:/Users/soc/.local/share/nvim/mason/packages/lua-language-server/libexec/main.lua:68]: Lua Lsp startup, root: 	/Users/soc/.local/share/nvim/mason/packages/lua-language-server/libexec
[21:03:34.061][info] [#0:/Users/soc/.local/share/nvim/mason/packages/lua-language-server/libexec/main.lua:69]: ROOT:	/Users/soc/.local/share/nvim/mason/packages/lua-language-server/libexec
[21:03:34.061][info] [#0:/Users/soc/.local/share/nvim/mason/packages/lua-language-server/libexec/main.lua:70]: LOGPATH:	/Users/soc/.local/share/nvim/mason/packages/lua-language-server/libexec/log
[21:03:34.061][info] [#0:/Users/soc/.local/share/nvim/mason/packages/lua-language-server/libexec/main.lua:71]: METAPATH:	/Users/soc/.local/share/nvim/mason/packages/lua-language-server/libexec/meta
[21:03:34.062][info] [#0:/Users/soc/.local/share/nvim/mason/packages/lua-language-server/libexec/main.lua:72]: VERSION:	3.9.3
[21:03:34.084][info] [#0:script/proto/proto.lua:234]: Listen Mode: stdio
[21:03:34.084][info] [#0:script/service/service.lua:145]: 
========= Medical Examination Report =========
    --------------- Memory ---------------
        Total: 1.392 MB
        # 00 : 1.392 MB
        # 01 : 0.000 MB
        # 02 : 0.000 MB
        # 03 : 0.000 MB
        # 04 : 0.000 MB
    --------------- Coroutine ---------------
        Total:     0
        Running:   0
        Suspended: 0
        Normal:    0
        Dead:      0
    --------------- Cache ---------------
        Total: 1
        Dead:  0
    ---------------  RPC  ---------------
        Holdon:   0
        Waiting:  0
==============================================
[21:03:34.089][info] [#0:script/client.lua:657]: Client init	{
  capabilities = {
    general = {
      positionEncodings = { "utf-16" }
    },
    textDocument = {
      callHierarchy = {
        dynamicRegistration = false
      },
      codeAction = {
        codeActionLiteralSupport = {
          codeActionKind = {
            valueSet = { "", "quickfix", "refactor", "refactor.extract", "refactor.inline", "refactor.rewrite", "source", "source.organizeImports" }
          }
        },
        dataSupport = true,
        dynamicRegistration = true,
        isPreferredSupport = true,
        resolveSupport = {
          properties = { "edit" }
        }
      },
      completion = {
        completionItem = {
          commitCharactersSupport = false,
          deprecatedSupport = true,
          documentationFormat = { "markdown", "plaintext" },
          insertReplaceSupport = true,
          insertTextModeSupport = {
            valueSet = { 1 }
          },
          labelDetailsSupport = true,
          preselectSupport = false,
          resolveSupport = {
            properties = { "documentation", "detail", "additionalTextEdits", "command", "data" }
          },
          snippetSupport = true,
          tagSupport = {
            valueSet = { 1 }
          }
        },
        completionItemKind = {
          valueSet = { 1, 2, 3, 4, 5, 6, 7, 8, 9, 10, 11, 12, 13, 14, 15, 16, 17, 18, 19, 20, 21, 22, 23, 24, 25 }
        },
        completionList = {
          itemDefaults = { "commitCharacters", "editRange", "insertTextFormat", "insertTextMode", "data" }
        },
        contextSupport = true,
        dynamicRegistration = false,
        insertTextMode = 1
      },
      declaration = {
        linkSupport = true
      },
      definition = {
        dynamicRegistration = true,
        linkSupport = true
      },
      diagnostic = {
        dynamicRegistration = false
      },
      documentHighlight = {
        dynamicRegistration = false
      },
      documentSymbol = {
        dynamicRegistration = false,
        hierarchicalDocumentSymbolSupport = true,
        symbolKind = {
          valueSet = { 1, 2, 3, 4, 5, 6, 7, 8, 9, 10, 11, 12, 13, 14, 15, 16, 17, 18, 19, 20, 21, 22, 23, 24, 25, 26 }
        }
      },
      formatting = {
        dynamicRegistration = true
      },
      hover = {
        contentFormat = { "markdown", "plaintext" },
        dynamicRegistration = true
      },
      implementation = {
        linkSupport = true
      },
      inlayHint = {
        dynamicRegistration = true,
        resolveSupport = {
          properties = { "textEdits", "tooltip", "location", "command" }
        }
      },
      publishDiagnostics = {
        dataSupport = true,
        relatedInformation = true,
        tagSupport = {
          valueSet = { 1, 2 }
        }
      },
      rangeFormatting = {
        dynamicRegistration = true
      },
      references = {
        dynamicRegistration = false
      },
      rename = {
        dynamicRegistration = true,
        prepareSupport = true
      },
      semanticTokens = {
        augmentsSyntaxTokens = true,
        dynamicRegistration = false,
        formats = { "relative" },
        multilineTokenSupport = false,
        overlappingTokenSupport = true,
        requests = {
          full = {
            delta = true
          },
          range = false
        },
        serverCancelSupport = false,
        tokenModifiers = { "declaration", "definition", "readonly", "static", "deprecated", "abstract", "async", "modification", "documentation", "defaultLibrary" },
        tokenTypes = { "namespace", "type", "class", "enum", "interface", "struct", "typeParameter", "parameter", "variable", "property", "enumMember", "event", "function", "method", "macro", "keyword", "modifier", "comment", "string", "number", "regexp", "operator", "decorator" }
      },
      signatureHelp = {
        dynamicRegistration = false,
        signatureInformation = {
          activeParameterSupport = true,
          documentationFormat = { "markdown", "plaintext" },
          parameterInformation = {
            labelOffsetSupport = true
          }
        }
      },
      synchronization = {
        didSave = true,
        dynamicRegistration = false,
        willSave = true,
        willSaveWaitUntil = true
      },
      typeDefinition = {
        linkSupport = true
      }
    },
    window = {
      showDocument = {
        support = true
      },
      showMessage = {
        messageActionItem = {
          additionalPropertiesSupport = false
        }
      },
      workDoneProgress = true
    },
    workspace = {
      applyEdit = true,
      configuration = true,
      didChangeConfiguration = {
        dynamicRegistration = false
      },
      didChangeWatchedFiles = {
        dynamicRegistration = true,
        relativePatternSupport = true
      },
      fileOperations = {
        didRename = true,
        willRename = true
      },
      inlayHint = {
        refreshSupport = true
      },
      semanticTokens = {
        refreshSupport = true
      },
      symbol = {
        dynamicRegistration = false,
        symbolKind = {
          valueSet = { 1, 2, 3, 4, 5, 6, 7, 8, 9, 10, 11, 12, 13, 14, 15, 16, 17, 18, 19, 20, 21, 22, 23, 24, 25, 26 }
        }
      },
      workspaceEdit = {
        resourceOperations = { "rename", "create", "delete" }
      },
      workspaceFolders = true
    }
  },
  clientInfo = {
    name = "Neovim",
    version = "0.10.4"
  },
  initializationOptions = {},
  processId = 16053,
  rootPath = "/Users/soc/Documents/Git/yazi/plugins/searchjump.yazi",
  rootUri = "file:///Users/soc/Documents/Git/yazi/plugins/searchjump.yazi",
  trace = "off",
  workDoneToken = "1",
  workspaceFolders = { {
      name = "/Users/soc/Documents/Git/yazi/plugins/searchjump.yazi",
      uri = "file:///Users/soc/Documents/Git/yazi/plugins/searchjump.yazi"
    } }
}
[21:03:34.089][info] [#0:script/language.lua:137]: VSC language: nil
[21:03:34.089][info] [#0:script/language.lua:138]: LS  language: en-us
[21:03:34.089][info] [#0:script/workspace/workspace.lua:38]: Workspace init root: 	file:///Users/soc/Documents/Git/yazi/plugins/searchjump.yazi
[21:03:34.089][info] [#0:script/workspace/workspace.lua:42]: Log path: 	/Users/soc/.local/share/nvim/mason/packages/lua-language-server/libexec/log/file_Users_soc_Documents_Git_yazi_plugins_searchjump.yazi.log
[21:03:34.090][info] [#0:script/workspace/workspace.lua:48]: Workspace create: 	file:///Users/soc/Documents/Git/yazi/plugins/searchjump.yazi
[21:03:34.406][info] [#0:script/provider/provider.lua:46]: Load config from client	file:///Users/soc/Documents/Git/yazi/plugins/searchjump.yazi
[21:03:34.406][info] [#0:script/provider/provider.lua:47]: {
  Lua = {
    codeLens = {
      enable = true
    },
    completion = {
      callSnippet = "Replace"
    },
    doc = {
      privateName = { "^_" }
    },
    hint = {
      arrayIndex = "Disable",
      enable = true,
      paramName = "Disable",
      paramType = true,
      semicolon = "Disable",
      setType = false
    },
    workspace = {
      checkThirdParty = false
    }
  }
}
[21:03:34.407][info] [#0:script/provider/provider.lua:46]: Load config from client	file:///Users/soc/Documents/Git/yazi/plugins/searchjump.yazi
[21:03:34.407][info] [#0:script/provider/provider.lua:47]: {
  Lua = {
    codeLens = {
      enable = true
    },
    completion = {
      callSnippet = "Replace"
    },
    doc = {
      privateName = { "^_" }
    },
    hint = {
      arrayIndex = "Disable",
      enable = true,
      paramName = "Disable",
      paramType = true,
      semicolon = "Disable",
      setType = false
    },
    workspace = {
      checkThirdParty = false
    }
  }
}
[21:03:34.512][warn] [#0:script/config/loader.lua:116]: No config?	{}
[21:03:34.512][info] [#0:script/provider/provider.lua:61]: Load config from client	fallback
[21:03:34.512][info] [#0:script/provider/provider.lua:62]: nil
[21:03:34.512][warn] [#0:script/config/loader.lua:116]: No config?	{}
[21:03:34.512][info] [#0:script/provider/provider.lua:61]: Load config from client	fallback
[21:03:34.512][info] [#0:script/provider/provider.lua:62]: nil
[21:03:34.512][info] [#0:script/provider/provider.lua:46]: Load config from client	file:///Users/soc/Documents/Git/yazi/plugins/searchjump.yazi
[21:03:34.512][info] [#0:script/provider/provider.lua:47]: {
  Lua = {
    codeLens = {
      enable = true
    },
    completion = {
      callSnippet = "Replace"
    },
    doc = {
      privateName = { "^_" }
    },
    hint = {
      arrayIndex = "Disable",
      enable = true,
      paramName = "Disable",
      paramType = true,
      semicolon = "Disable",
      setType = false
    },
    runtime = {
      path = { "?.lua", "?/init.lua" },
      pathStrict = true,
      version = "LuaJIT"
    },
    workspace = {
      checkThirdParty = false,
      ignoreDir = { "/lua" },
      library = { "/opt/homebrew/Cellar/neovim/0.10.4_1/share/nvim/runtime/lua" }
    }
  }
}
[21:03:34.633][info] [#0:script/library.lua:212]: Init builtin library at:	file:///Users/soc/Documents/Git/yazi/plugins/searchjump.yazi
[21:03:34.646][info] [#0:script/library.lua:212]: Init builtin library at:	nil
[21:03:34.656][warn] [#0:script/config/loader.lua:116]: No config?	{}
[21:03:34.656][info] [#0:script/provider/provider.lua:61]: Load config from client	fallback
[21:03:34.657][info] [#0:script/provider/provider.lua:62]: nil
[21:03:34.762][info] [#0:script/workspace/workspace.lua:324]: Preload start:	file:///Users/soc/Documents/Git/yazi/plugins/searchjump.yazi
[21:03:34.766][info] [#0:script/workspace/workspace.lua:330]: Scan files at:	file:///Users/soc/Documents/Git/yazi/plugins/searchjump.yazi
[21:03:34.767][info] [#0:script/workspace/workspace.lua:324]: Preload start:	<fallback>
[21:03:34.769][info] [#0:script/workspace/workspace.lua:353]: Scan library at:	file:///Users/soc/.local/share/nvim/mason/packages/lua-language-server/libexec/meta/Lua%205.4%20en-us%20utf8/string.lua
[21:03:34.770][info] [#0:script/workspace/workspace.lua:353]: Scan library at:	file:///Users/soc/.local/share/nvim/mason/packages/lua-language-server/libexec/meta/Lua%205.4%20en-us%20utf8/math.lua
[21:03:34.770][info] [#0:script/workspace/workspace.lua:353]: Scan library at:	file:///Users/soc/.local/share/nvim/mason/packages/lua-language-server/libexec/meta/Lua%205.4%20en-us%20utf8/coroutine.lua
[21:03:34.770][info] [#0:script/workspace/workspace.lua:353]: Scan library at:	file:///Users/soc/.local/share/nvim/mason/packages/lua-language-server/libexec/meta/Lua%205.4%20en-us%20utf8/package.lua
[21:03:34.770][info] [#0:script/workspace/workspace.lua:353]: Scan library at:	file:///Users/soc/.local/share/nvim/mason/packages/lua-language-server/libexec/meta/LuaJIT%20en-us%20utf8/coroutine.lua
[21:03:34.770][info] [#0:script/workspace/workspace.lua:353]: Scan library at:	file:///Users/soc/.local/share/nvim/mason/packages/lua-language-server/libexec/meta/Lua%205.4%20en-us%20utf8/builtin.lua
[21:03:34.771][info] [#0:script/workspace/workspace.lua:353]: Scan library at:	file:///Users/soc/.local/share/nvim/mason/packages/lua-language-server/libexec/meta/LuaJIT%20en-us%20utf8/debug.lua
[21:03:34.771][info] [#0:script/workspace/workspace.lua:353]: Scan library at:	file:///Users/soc/.local/share/nvim/mason/packages/lua-language-server/libexec/meta/Lua%205.4%20en-us%20utf8/io.lua
[21:03:34.771][info] [#0:script/workspace/workspace.lua:353]: Scan library at:	file:///Users/soc/.local/share/nvim/mason/packages/lua-language-server/libexec/meta/LuaJIT%20en-us%20utf8/math.lua
[21:03:34.771][info] [#0:script/workspace/workspace.lua:353]: Scan library at:	file:///Users/soc/.local/share/nvim/mason/packages/lua-language-server/libexec/meta/Lua%205.4%20en-us%20utf8/debug.lua
[21:03:34.771][info] [#0:script/workspace/workspace.lua:353]: Scan library at:	file:///Users/soc/.local/share/nvim/mason/packages/lua-language-server/libexec/meta/LuaJIT%20en-us%20utf8/package.lua
[21:03:34.771][info] [#0:script/workspace/workspace.lua:353]: Scan library at:	file:///Users/soc/.local/share/nvim/mason/packages/lua-language-server/libexec/meta/Lua%205.4%20en-us%20utf8/os.lua
[21:03:34.771][info] [#0:script/workspace/workspace.lua:353]: Scan library at:	file:///Users/soc/.local/share/nvim/mason/packages/lua-language-server/libexec/meta/LuaJIT%20en-us%20utf8/jit/profile.lua
[21:03:34.771][info] [#0:script/workspace/workspace.lua:353]: Scan library at:	file:///Users/soc/.local/share/nvim/mason/packages/lua-language-server/libexec/meta/Lua%205.4%20en-us%20utf8/utf8.lua
[21:03:34.771][info] [#0:script/workspace/workspace.lua:353]: Scan library at:	file:///Users/soc/.local/share/nvim/mason/packages/lua-language-server/libexec/meta/LuaJIT%20en-us%20utf8/string/buffer.lua
[21:03:34.772][info] [#0:script/workspace/workspace.lua:353]: Scan library at:	file:///Users/soc/.local/share/nvim/mason/packages/lua-language-server/libexec/meta/Lua%205.4%20en-us%20utf8/table.lua
[21:03:34.772][info] [#0:script/workspace/workspace.lua:353]: Scan library at:	file:///Users/soc/.local/share/nvim/mason/packages/lua-language-server/libexec/meta/LuaJIT%20en-us%20utf8/bit.lua
[21:03:34.772][info] [#0:script/workspace/workspace.lua:353]: Scan library at:	file:///Users/soc/.local/share/nvim/mason/packages/lua-language-server/libexec/meta/Lua%205.4%20en-us%20utf8/basic.lua
[21:03:34.772][info] [#0:script/workspace/workspace.lua:353]: Scan library at:	file:///Users/soc/.local/share/nvim/mason/packages/lua-language-server/libexec/meta/LuaJIT%20en-us%20utf8/table/new.lua
[21:03:34.772][info] [#0:script/workspace/workspace.lua:353]: Scan library at:	file:///Users/soc/.local/share/nvim/mason/packages/lua-language-server/libexec/meta/LuaJIT%20en-us%20utf8/io.lua
[21:03:34.772][info] [#0:script/workspace/workspace.lua:353]: Scan library at:	file:///Users/soc/.local/share/nvim/mason/packages/lua-language-server/libexec/meta/LuaJIT%20en-us%20utf8/ffi.lua
[21:03:34.772][info] [#0:script/workspace/workspace.lua:353]: Scan library at:	file:///Users/soc/.local/share/nvim/mason/packages/lua-language-server/libexec/meta/LuaJIT%20en-us%20utf8/string.lua
[21:03:34.772][info] [#0:script/workspace/workspace.lua:353]: Scan library at:	file:///Users/soc/.local/share/nvim/mason/packages/lua-language-server/libexec/meta/LuaJIT%20en-us%20utf8/table/clear.lua
[21:03:34.772][info] [#0:script/workspace/workspace.lua:353]: Scan library at:	file:///Users/soc/.local/share/nvim/mason/packages/lua-language-server/libexec/meta/LuaJIT%20en-us%20utf8/jit/util.lua
[21:03:34.773][info] [#0:script/workspace/workspace.lua:353]: Scan library at:	file:///Users/soc/.local/share/nvim/mason/packages/lua-language-server/libexec/meta/LuaJIT%20en-us%20utf8/os.lua
[21:03:34.773][info] [#0:script/workspace/workspace.lua:353]: Scan library at:	file:///Users/soc/.local/share/nvim/mason/packages/lua-language-server/libexec/meta/LuaJIT%20en-us%20utf8/builtin.lua
[21:03:34.773][info] [#0:script/workspace/workspace.lua:353]: Scan library at:	file:///Users/soc/.local/share/nvim/mason/packages/lua-language-server/libexec/meta/LuaJIT%20en-us%20utf8/table.lua
[21:03:34.773][info] [#0:script/workspace/workspace.lua:353]: Scan library at:	file:///Users/soc/.local/share/nvim/mason/packages/lua-language-server/libexec/meta/LuaJIT%20en-us%20utf8/jit.lua
[21:03:34.773][info] [#0:script/workspace/workspace.lua:353]: Scan library at:	file:///opt/homebrew/Cellar/neovim/0.10.4_1/share/nvim/runtime/lua
[21:03:34.781][info] [#0:script/workspace/workspace.lua:353]: Scan library at:	file:///Users/soc/.local/share/nvim/mason/packages/lua-language-server/libexec/meta/LuaJIT%20en-us%20utf8/basic.lua
[21:03:34.886][info] [#0:script/workspace/workspace.lua:379]: Found 11 files at:	<fallback>
[21:03:34.886][info] [#0:script/workspace/loading.lua:161]: Load files from disk:	<fallback>
[21:03:34.886][info] [#0:script/workspace/workspace.lua:379]: Found 119 files at:	file:///Users/soc/Documents/Git/yazi/plugins/searchjump.yazi
[21:03:34.886][info] [#0:script/workspace/loading.lua:161]: Load files from disk:	file:///Users/soc/Documents/Git/yazi/plugins/searchjump.yazi
[21:03:34.887][info] [#0:script/workspace/loading.lua:101]: Preload file at: file:///Users/soc/.local/share/nvim/mason/packages/lua-language-server/libexec/meta/LuaJIT%20en-us%20utf8/basic.lua , size = 15.231 KB
[21:03:34.898][info] [#0:script/workspace/loading.lua:113]: ++++As library of:	file:///Users/soc/.local/share/nvim/mason/packages/lua-language-server/libexec/meta/LuaJIT%20en-us%20utf8/basic.lua
[21:03:34.898][info] [#0:script/workspace/loading.lua:101]: Preload file at: file:///Users/soc/.local/share/nvim/mason/packages/lua-language-server/libexec/meta/Lua%205.4%20en-us%20utf8/basic.lua , size = 15.619 KB
[21:03:34.907][info] [#0:script/workspace/loading.lua:113]: ++++As library of:	file:///Users/soc/.local/share/nvim/mason/packages/lua-language-server/libexec/meta/Lua%205.4%20en-us%20utf8/basic.lua
[21:03:34.907][info] [#0:script/workspace/loading.lua:101]: Preload file at: file:///Users/soc/.local/share/nvim/mason/packages/lua-language-server/libexec/meta/Lua%205.4%20en-us%20utf8/table.lua , size = 4.235 KB
[21:03:34.909][info] [#0:script/workspace/loading.lua:113]: ++++As library of:	file:///Users/soc/.local/share/nvim/mason/packages/lua-language-server/libexec/meta/Lua%205.4%20en-us%20utf8/table.lua
[21:03:34.909][info] [#0:script/workspace/loading.lua:101]: Preload file at: file:///Users/soc/.local/share/nvim/mason/packages/lua-language-server/libexec/meta/Lua%205.4%20en-us%20utf8/utf8.lua , size = 2.386 KB
[21:03:34.910][info] [#0:script/workspace/loading.lua:113]: ++++As library of:	file:///Users/soc/.local/share/nvim/mason/packages/lua-language-server/libexec/meta/Lua%205.4%20en-us%20utf8/utf8.lua
[21:03:34.910][info] [#0:script/workspace/loading.lua:101]: Preload file at: file:///opt/homebrew/Cellar/neovim/0.10.4_1/share/nvim/runtime/lua/vim/loader.lua , size = 15.741 KB
[21:03:34.919][info] [#0:script/workspace/loading.lua:113]: ++++As library of:	file:///opt/homebrew/Cellar/neovim/0.10.4_1/share/nvim/runtime/lua
[21:03:34.919][info] [#0:script/workspace/loading.lua:101]: Preload file at: file:///Users/soc/.local/share/nvim/mason/packages/lua-language-server/libexec/meta/Lua%205.4%20en-us%20utf8/os.lua , size = 5.600 KB
[21:03:34.923][info] [#0:script/workspace/loading.lua:113]: ++++As library of:	file:///Users/soc/.local/share/nvim/mason/packages/lua-language-server/libexec/meta/Lua%205.4%20en-us%20utf8/os.lua
[21:03:34.923][info] [#0:script/workspace/loading.lua:101]: Preload file at: file:///opt/homebrew/Cellar/neovim/0.10.4_1/share/nvim/runtime/lua/vim/shared.lua , size = 29.331 KB
[21:03:34.935][info] [#0:script/workspace/loading.lua:113]: ++++As library of:	file:///opt/homebrew/Cellar/neovim/0.10.4_1/share/nvim/runtime/lua
[21:03:34.935][info] [#0:script/workspace/loading.lua:101]: Preload file at: file:///Users/soc/.local/share/nvim/mason/packages/lua-language-server/libexec/meta/Lua%205.4%20en-us%20utf8/debug.lua , size = 7.637 KB
[21:03:34.940][info] [#0:script/workspace/loading.lua:113]: ++++As library of:	file:///Users/soc/.local/share/nvim/mason/packages/lua-language-server/libexec/meta/Lua%205.4%20en-us%20utf8/debug.lua
[21:03:34.940][info] [#0:script/workspace/loading.lua:101]: Preload file at: file:///opt/homebrew/Cellar/neovim/0.10.4_1/share/nvim/runtime/lua/vim/_meta.lua , size = 0.977 KB
[21:03:34.940][info] [#0:script/workspace/loading.lua:113]: ++++As library of:	file:///opt/homebrew/Cellar/neovim/0.10.4_1/share/nvim/runtime/lua
[21:03:34.940][info] [#0:script/workspace/loading.lua:101]: Preload file at: file:///Users/soc/.local/share/nvim/mason/packages/lua-language-server/libexec/meta/Lua%205.4%20en-us%20utf8/io.lua , size = 6.364 KB
[21:03:34.942][info] [#0:script/workspace/loading.lua:113]: ++++As library of:	file:///Users/soc/.local/share/nvim/mason/packages/lua-language-server/libexec/meta/Lua%205.4%20en-us%20utf8/io.lua
[21:03:34.942][info] [#0:script/workspace/loading.lua:101]: Preload file at: file:///opt/homebrew/Cellar/neovim/0.10.4_1/share/nvim/runtime/lua/vim/ui/clipboard/osc52.lua , size = 2.137 KB
[21:03:34.943][info] [#0:script/workspace/loading.lua:113]: ++++As library of:	file:///opt/homebrew/Cellar/neovim/0.10.4_1/share/nvim/runtime/lua
[21:03:34.943][info] [#0:script/workspace/loading.lua:101]: Preload file at: file:///Users/soc/.local/share/nvim/mason/packages/lua-language-server/libexec/meta/Lua%205.4%20en-us%20utf8/builtin.lua , size = 0.302 KB
[21:03:34.944][info] [#0:script/workspace/loading.lua:113]: ++++As library of:	file:///Users/soc/.local/share/nvim/mason/packages/lua-language-server/libexec/meta/Lua%205.4%20en-us%20utf8/builtin.lua
[21:03:34.944][info] [#0:script/workspace/loading.lua:101]: Preload file at: file:///opt/homebrew/Cellar/neovim/0.10.4_1/share/nvim/runtime/lua/vim/_inspector.lua , size = 7.668 KB
[21:03:34.947][info] [#0:script/workspace/loading.lua:113]: ++++As library of:	file:///opt/homebrew/Cellar/neovim/0.10.4_1/share/nvim/runtime/lua
[21:03:34.947][info] [#0:script/workspace/loading.lua:101]: Preload file at: file:///Users/soc/.local/share/nvim/mason/packages/lua-language-server/libexec/meta/Lua%205.4%20en-us%20utf8/package.lua , size = 2.944 KB
[21:03:34.948][info] [#0:script/workspace/loading.lua:113]: ++++As library of:	file:///Users/soc/.local/share/nvim/mason/packages/lua-language-server/libexec/meta/Lua%205.4%20en-us%20utf8/package.lua
[21:03:34.948][info] [#0:script/workspace/loading.lua:101]: Preload file at: file:///opt/homebrew/Cellar/neovim/0.10.4_1/share/nvim/runtime/lua/vim/treesitter/_meta.lua , size = 4.483 KB
[21:03:34.950][info] [#0:script/workspace/loading.lua:113]: ++++As library of:	file:///opt/homebrew/Cellar/neovim/0.10.4_1/share/nvim/runtime/lua
[21:03:34.950][info] [#0:script/workspace/loading.lua:101]: Preload file at: file:///Users/soc/.local/share/nvim/mason/packages/lua-language-server/libexec/meta/Lua%205.4%20en-us%20utf8/coroutine.lua , size = 2.590 KB
[21:03:34.951][info] [#0:script/workspace/loading.lua:113]: ++++As library of:	file:///Users/soc/.local/share/nvim/mason/packages/lua-language-server/libexec/meta/Lua%205.4%20en-us%20utf8/coroutine.lua
[21:03:34.951][info] [#0:script/workspace/loading.lua:101]: Preload file at: file:///opt/homebrew/Cellar/neovim/0.10.4_1/share/nvim/runtime/lua/vim/diagnostic.lua , size = 69.172 KB
[21:03:34.977][info] [#0:script/workspace/loading.lua:113]: ++++As library of:	file:///opt/homebrew/Cellar/neovim/0.10.4_1/share/nvim/runtime/lua
[21:03:34.978][info] [#0:script/workspace/loading.lua:101]: Preload file at: file:///opt/homebrew/Cellar/neovim/0.10.4_1/share/nvim/runtime/lua/vim/treesitter/_fold.lua , size = 14.745 KB
[21:03:34.982][info] [#0:script/workspace/loading.lua:113]: ++++As library of:	file:///opt/homebrew/Cellar/neovim/0.10.4_1/share/nvim/runtime/lua
[21:03:34.982][info] [#0:script/workspace/loading.lua:101]: Preload file at: file:///Users/soc/.local/share/nvim/mason/packages/lua-language-server/libexec/meta/Lua%205.4%20en-us%20utf8/math.lua , size = 8.509 KB
[21:03:34.984][info] [#0:script/workspace/loading.lua:113]: ++++As library of:	file:///Users/soc/.local/share/nvim/mason/packages/lua-language-server/libexec/meta/Lua%205.4%20en-us%20utf8/math.lua
[21:03:34.984][info] [#0:script/workspace/loading.lua:101]: Preload file at: file:///Users/soc/.local/share/nvim/mason/packages/lua-language-server/libexec/meta/Lua%205.4%20en-us%20utf8/string.lua , size = 6.341 KB
[21:03:34.986][info] [#0:script/workspace/loading.lua:113]: ++++As library of:	file:///Users/soc/.local/share/nvim/mason/packages/lua-language-server/libexec/meta/Lua%205.4%20en-us%20utf8/string.lua
[21:03:34.986][info] [#0:script/workspace/loading.lua:101]: Preload file at: file:///opt/homebrew/Cellar/neovim/0.10.4_1/share/nvim/runtime/lua/vim/treesitter/_range.lua , size = 3.869 KB
[21:03:34.988][info] [#0:script/workspace/loading.lua:113]: ++++As library of:	file:///opt/homebrew/Cellar/neovim/0.10.4_1/share/nvim/runtime/lua
[21:03:34.988][info] [#0:script/workspace/loading.lua:101]: Preload file at: file:///opt/homebrew/Cellar/neovim/0.10.4_1/share/nvim/runtime/lua/vim/treesitter/health.lua , size = 0.856 KB
[21:03:34.988][info] [#0:script/workspace/loading.lua:113]: ++++As library of:	file:///opt/homebrew/Cellar/neovim/0.10.4_1/share/nvim/runtime/lua
[21:03:34.988][info] [#0:script/workspace/loading.lua:101]: Preload file at: file:///opt/homebrew/Cellar/neovim/0.10.4_1/share/nvim/runtime/lua/vim/treesitter/dev.lua , size = 19.644 KB
[21:03:34.995][info] [#0:script/workspace/loading.lua:113]: ++++As library of:	file:///opt/homebrew/Cellar/neovim/0.10.4_1/share/nvim/runtime/lua
[21:03:34.995][info] [#0:script/workspace/loading.lua:101]: Preload file at: file:///opt/homebrew/Cellar/neovim/0.10.4_1/share/nvim/runtime/lua/vim/treesitter/language.lua , size = 3.684 KB
[21:03:35.002][info] [#0:script/workspace/loading.lua:113]: ++++As library of:	file:///opt/homebrew/Cellar/neovim/0.10.4_1/share/nvim/runtime/lua
[21:03:35.002][info] [#0:script/workspace/loading.lua:101]: Preload file at: file:///opt/homebrew/Cellar/neovim/0.10.4_1/share/nvim/runtime/lua/vim/treesitter/languagetree.lua , size = 33.292 KB
[21:03:35.012][info] [#0:script/workspace/loading.lua:113]: ++++As library of:	file:///opt/homebrew/Cellar/neovim/0.10.4_1/share/nvim/runtime/lua
[21:03:35.012][info] [#0:script/workspace/loading.lua:101]: Preload file at: file:///opt/homebrew/Cellar/neovim/0.10.4_1/share/nvim/runtime/lua/vim/treesitter/highlighter.lua , size = 11.811 KB
[21:03:35.016][info] [#0:script/workspace/loading.lua:113]: ++++As library of:	file:///opt/homebrew/Cellar/neovim/0.10.4_1/share/nvim/runtime/lua
[21:03:35.016][info] [#0:script/workspace/loading.lua:101]: Preload file at: file:///opt/homebrew/Cellar/neovim/0.10.4_1/share/nvim/runtime/lua/vim/treesitter/query.lua , size = 32.301 KB
[21:03:35.025][info] [#0:script/workspace/loading.lua:113]: ++++As library of:	file:///opt/homebrew/Cellar/neovim/0.10.4_1/share/nvim/runtime/lua
[21:03:35.025][info] [#0:script/workspace/loading.lua:101]: Preload file at: file:///opt/homebrew/Cellar/neovim/0.10.4_1/share/nvim/runtime/lua/vim/treesitter/_query_linter.lua , size = 7.627 KB
[21:03:35.028][info] [#0:script/workspace/loading.lua:113]: ++++As library of:	file:///opt/homebrew/Cellar/neovim/0.10.4_1/share/nvim/runtime/lua
[21:03:35.028][info] [#0:script/workspace/loading.lua:101]: Preload file at: file:///opt/homebrew/Cellar/neovim/0.10.4_1/share/nvim/runtime/lua/vim/keymap.lua , size = 3.682 KB
[21:03:35.029][info] [#0:script/workspace/loading.lua:113]: ++++As library of:	file:///opt/homebrew/Cellar/neovim/0.10.4_1/share/nvim/runtime/lua
[21:03:35.029][info] [#0:script/workspace/loading.lua:101]: Preload file at: file:///opt/homebrew/Cellar/neovim/0.10.4_1/share/nvim/runtime/lua/vim/health.lua , size = 12.685 KB
[21:03:35.033][info] [#0:script/workspace/loading.lua:113]: ++++As library of:	file:///opt/homebrew/Cellar/neovim/0.10.4_1/share/nvim/runtime/lua
[21:03:35.033][info] [#0:script/workspace/loading.lua:101]: Preload file at: file:///opt/homebrew/Cellar/neovim/0.10.4_1/share/nvim/runtime/lua/vim/re.lua , size = 6.495 KB
[21:03:35.036][info] [#0:script/workspace/loading.lua:113]: ++++As library of:	file:///opt/homebrew/Cellar/neovim/0.10.4_1/share/nvim/runtime/lua
[21:03:35.036][info] [#0:script/workspace/loading.lua:101]: Preload file at: file:///opt/homebrew/Cellar/neovim/0.10.4_1/share/nvim/runtime/lua/vim/secure.lua , size = 5.018 KB
[21:03:35.038][info] [#0:script/workspace/loading.lua:113]: ++++As library of:	file:///opt/homebrew/Cellar/neovim/0.10.4_1/share/nvim/runtime/lua
[21:03:35.038][info] [#0:script/workspace/loading.lua:101]: Preload file at: file:///opt/homebrew/Cellar/neovim/0.10.4_1/share/nvim/runtime/lua/vim/glob.lua , size = 3.001 KB
[21:03:35.039][info] [#0:script/workspace/loading.lua:113]: ++++As library of:	file:///opt/homebrew/Cellar/neovim/0.10.4_1/share/nvim/runtime/lua
[21:03:35.039][info] [#0:script/workspace/loading.lua:101]: Preload file at: file:///opt/homebrew/Cellar/neovim/0.10.4_1/share/nvim/runtime/lua/vim/provider/python.lua , size = 4.224 KB
[21:03:35.041][info] [#0:script/workspace/loading.lua:113]: ++++As library of:	file:///opt/homebrew/Cellar/neovim/0.10.4_1/share/nvim/runtime/lua
[21:03:35.041][info] [#0:script/workspace/loading.lua:101]: Preload file at: file:///opt/homebrew/Cellar/neovim/0.10.4_1/share/nvim/runtime/lua/vim/provider/ruby.lua , size = 1.563 KB
[21:03:35.042][info] [#0:script/workspace/loading.lua:113]: ++++As library of:	file:///opt/homebrew/Cellar/neovim/0.10.4_1/share/nvim/runtime/lua
[21:03:35.042][info] [#0:script/workspace/loading.lua:101]: Preload file at: file:///opt/homebrew/Cellar/neovim/0.10.4_1/share/nvim/runtime/lua/vim/provider/perl.lua , size = 1.998 KB
[21:03:35.042][info] [#0:script/workspace/loading.lua:113]: ++++As library of:	file:///opt/homebrew/Cellar/neovim/0.10.4_1/share/nvim/runtime/lua
[21:03:35.042][info] [#0:script/workspace/loading.lua:101]: Preload file at: file:///opt/homebrew/Cellar/neovim/0.10.4_1/share/nvim/runtime/lua/vim/highlight.lua , size = 4.526 KB
[21:03:35.044][info] [#0:script/workspace/loading.lua:113]: ++++As library of:	file:///opt/homebrew/Cellar/neovim/0.10.4_1/share/nvim/runtime/lua
[21:03:35.047][info] [#0:script/workspace/loading.lua:101]: Preload file at: file:///opt/homebrew/Cellar/neovim/0.10.4_1/share/nvim/runtime/lua/vim/_editor.lua , size = 34.475 KB
[21:03:35.063][info] [#0:script/workspace/loading.lua:113]: ++++As library of:	file:///opt/homebrew/Cellar/neovim/0.10.4_1/share/nvim/runtime/lua
[21:03:35.063][info] [#0:script/workspace/loading.lua:101]: Preload file at: file:///opt/homebrew/Cellar/neovim/0.10.4_1/share/nvim/runtime/lua/vim/lsp/_meta.lua , size = 0.440 KB
[21:03:35.064][info] [#0:script/workspace/loading.lua:113]: ++++As library of:	file:///opt/homebrew/Cellar/neovim/0.10.4_1/share/nvim/runtime/lua
[21:03:35.064][info] [#0:script/workspace/loading.lua:101]: Preload file at: file:///opt/homebrew/Cellar/neovim/0.10.4_1/share/nvim/runtime/lua/vim/_system.lua , size = 9.216 KB
[21:03:35.067][info] [#0:script/workspace/loading.lua:113]: ++++As library of:	file:///opt/homebrew/Cellar/neovim/0.10.4_1/share/nvim/runtime/lua
[21:03:35.067][info] [#0:script/workspace/loading.lua:101]: Preload file at: file:///opt/homebrew/Cellar/neovim/0.10.4_1/share/nvim/runtime/lua/vim/lsp/diagnostic.lua , size = 14.140 KB
[21:03:35.071][info] [#0:script/workspace/loading.lua:113]: ++++As library of:	file:///opt/homebrew/Cellar/neovim/0.10.4_1/share/nvim/runtime/lua
[21:03:35.071][info] [#0:script/workspace/loading.lua:101]: Preload file at: file:///opt/homebrew/Cellar/neovim/0.10.4_1/share/nvim/runtime/lua/vim/lsp/_snippet_grammar.lua , size = 6.179 KB
[21:03:35.074][info] [#0:script/workspace/loading.lua:113]: ++++As library of:	file:///opt/homebrew/Cellar/neovim/0.10.4_1/share/nvim/runtime/lua
[21:03:35.074][info] [#0:script/workspace/loading.lua:101]: Preload file at: file:///opt/homebrew/Cellar/neovim/0.10.4_1/share/nvim/runtime/lua/vim/lsp/health.lua , size = 5.398 KB
[21:03:35.076][info] [#0:script/workspace/loading.lua:113]: ++++As library of:	file:///opt/homebrew/Cellar/neovim/0.10.4_1/share/nvim/runtime/lua
[21:03:35.076][info] [#0:script/workspace/loading.lua:101]: Preload file at: file:///opt/homebrew/Cellar/neovim/0.10.4_1/share/nvim/runtime/lua/vim/lsp/codelens.lua , size = 9.336 KB
[21:03:35.079][info] [#0:script/workspace/loading.lua:113]: ++++As library of:	file:///opt/homebrew/Cellar/neovim/0.10.4_1/share/nvim/runtime/lua
[21:03:35.079][info] [#0:script/workspace/loading.lua:101]: Preload file at: file:///opt/homebrew/Cellar/neovim/0.10.4_1/share/nvim/runtime/lua/vim/lsp/protocol.lua , size = 48.973 KB
[21:03:35.084][info] [#0:script/workspace/loading.lua:113]: ++++As library of:	file:///opt/homebrew/Cellar/neovim/0.10.4_1/share/nvim/runtime/lua
[21:03:35.084][info] [#0:script/workspace/loading.lua:101]: Preload file at: file:///opt/homebrew/Cellar/neovim/0.10.4_1/share/nvim/runtime/lua/vim/lsp/_changetracking.lua , size = 11.492 KB
[21:03:35.088][info] [#0:script/workspace/loading.lua:113]: ++++As library of:	file:///opt/homebrew/Cellar/neovim/0.10.4_1/share/nvim/runtime/lua
[21:03:35.088][info] [#0:script/workspace/loading.lua:101]: Preload file at: file:///opt/homebrew/Cellar/neovim/0.10.4_1/share/nvim/runtime/lua/vim/lsp/_dynamic.lua , size = 2.973 KB
[21:03:35.089][info] [#0:script/workspace/loading.lua:113]: ++++As library of:	file:///opt/homebrew/Cellar/neovim/0.10.4_1/share/nvim/runtime/lua
[21:03:35.089][info] [#0:script/workspace/loading.lua:101]: Preload file at: file:///opt/homebrew/Cellar/neovim/0.10.4_1/share/nvim/runtime/lua/vim/lsp/_watchfiles.lua , size = 6.889 KB
[21:03:35.091][info] [#0:script/workspace/loading.lua:113]: ++++As library of:	file:///opt/homebrew/Cellar/neovim/0.10.4_1/share/nvim/runtime/lua
[21:03:35.091][info] [#0:script/workspace/loading.lua:101]: Preload file at: file:///opt/homebrew/Cellar/neovim/0.10.4_1/share/nvim/runtime/lua/vim/lsp/sync.lua , size = 16.226 KB
[21:03:35.095][info] [#0:script/workspace/loading.lua:113]: ++++As library of:	file:///opt/homebrew/Cellar/neovim/0.10.4_1/share/nvim/runtime/lua
[21:03:35.095][info] [#0:script/workspace/loading.lua:101]: Preload file at: file:///opt/homebrew/Cellar/neovim/0.10.4_1/share/nvim/runtime/lua/vim/lsp/_meta/protocol.lua , size = 175.343 KB
[21:03:35.134][info] [#0:script/workspace/loading.lua:113]: ++++As library of:	file:///opt/homebrew/Cellar/neovim/0.10.4_1/share/nvim/runtime/lua
[21:03:35.136][info] [#0:script/workspace/loading.lua:173]: Loaded files takes [0.248] sec: <fallback>
[21:03:35.136][info] [#0:script/workspace/loading.lua:182]: Compile files takes [0.000] sec: <fallback>
[21:03:35.136][info] [#0:script/workspace/loading.lua:183]: Loaded finish:	<fallback>
[21:03:35.136][info] [#0:script/workspace/workspace.lua:381]: Preload finish at:	<fallback>
[21:03:35.140][info] [#0:script/workspace/loading.lua:101]: Preload file at: file:///opt/homebrew/Cellar/neovim/0.10.4_1/share/nvim/runtime/lua/vim/lsp/_completion.lua , size = 8.965 KB
[21:03:35.143][info] [#0:script/workspace/loading.lua:113]: ++++As library of:	file:///opt/homebrew/Cellar/neovim/0.10.4_1/share/nvim/runtime/lua
[21:03:35.143][info] [#0:script/workspace/loading.lua:101]: Preload file at: file:///opt/homebrew/Cellar/neovim/0.10.4_1/share/nvim/runtime/lua/vim/lsp/log.lua , size = 4.673 KB
[21:03:35.145][info] [#0:script/workspace/loading.lua:113]: ++++As library of:	file:///opt/homebrew/Cellar/neovim/0.10.4_1/share/nvim/runtime/lua
[21:03:35.145][info] [#0:script/workspace/loading.lua:101]: Preload file at: file:///opt/homebrew/Cellar/neovim/0.10.4_1/share/nvim/runtime/lua/vim/lsp/buf.lua , size = 31.091 KB
[21:03:35.153][info] [#0:script/workspace/loading.lua:113]: ++++As library of:	file:///opt/homebrew/Cellar/neovim/0.10.4_1/share/nvim/runtime/lua
[21:03:35.153][info] [#0:script/workspace/loading.lua:101]: Preload file at: file:///opt/homebrew/Cellar/neovim/0.10.4_1/share/nvim/runtime/lua/vim/lsp/util.lua , size = 77.311 KB
[21:03:35.174][info] [#0:script/workspace/loading.lua:113]: ++++As library of:	file:///opt/homebrew/Cellar/neovim/0.10.4_1/share/nvim/runtime/lua
[21:03:35.174][info] [#0:script/workspace/loading.lua:101]: Preload file at: file:///opt/homebrew/Cellar/neovim/0.10.4_1/share/nvim/runtime/lua/vim/lsp/handlers.lua , size = 26.904 KB
[21:03:35.182][info] [#0:script/workspace/loading.lua:113]: ++++As library of:	file:///opt/homebrew/Cellar/neovim/0.10.4_1/share/nvim/runtime/lua
[21:03:35.182][info] [#0:script/workspace/loading.lua:101]: Preload file at: file:///opt/homebrew/Cellar/neovim/0.10.4_1/share/nvim/runtime/lua/vim/lsp/_tagfunc.lua , size = 2.787 KB
[21:03:35.183][info] [#0:script/workspace/loading.lua:113]: ++++As library of:	file:///opt/homebrew/Cellar/neovim/0.10.4_1/share/nvim/runtime/lua
[21:03:35.183][info] [#0:script/workspace/loading.lua:101]: Preload file at: file:///opt/homebrew/Cellar/neovim/0.10.4_1/share/nvim/runtime/lua/vim/lsp/inlay_hint.lua , size = 12.172 KB
[21:03:35.187][info] [#0:script/workspace/loading.lua:113]: ++++As library of:	file:///opt/homebrew/Cellar/neovim/0.10.4_1/share/nvim/runtime/lua
[21:03:35.187][info] [#0:script/workspace/loading.lua:101]: Preload file at: file:///opt/homebrew/Cellar/neovim/0.10.4_1/share/nvim/runtime/lua/vim/lsp/semantic_tokens.lua , size = 26.267 KB
[21:03:35.194][info] [#0:script/workspace/loading.lua:113]: ++++As library of:	file:///opt/homebrew/Cellar/neovim/0.10.4_1/share/nvim/runtime/lua
[21:03:35.194][info] [#0:script/workspace/loading.lua:101]: Preload file at: file:///opt/homebrew/Cellar/neovim/0.10.4_1/share/nvim/runtime/lua/vim/lsp/rpc.lua , size = 25.991 KB
[21:03:35.201][info] [#0:script/workspace/loading.lua:113]: ++++As library of:	file:///opt/homebrew/Cellar/neovim/0.10.4_1/share/nvim/runtime/lua
[21:03:35.201][info] [#0:script/workspace/loading.lua:101]: Preload file at: file:///opt/homebrew/Cellar/neovim/0.10.4_1/share/nvim/runtime/lua/vim/fs.lua , size = 18.719 KB
[21:03:35.206][info] [#0:script/workspace/loading.lua:113]: ++++As library of:	file:///opt/homebrew/Cellar/neovim/0.10.4_1/share/nvim/runtime/lua
[21:03:35.206][info] [#0:script/workspace/loading.lua:101]: Preload file at: file:///opt/homebrew/Cellar/neovim/0.10.4_1/share/nvim/runtime/lua/vim/lsp/client.lua , size = 38.013 KB
[21:03:35.231][info] [#0:script/workspace/loading.lua:113]: ++++As library of:	file:///opt/homebrew/Cellar/neovim/0.10.4_1/share/nvim/runtime/lua
[21:03:35.231][info] [#0:script/workspace/loading.lua:101]: Preload file at: file:///opt/homebrew/Cellar/neovim/0.10.4_1/share/nvim/runtime/lua/vim/_meta/api_keysets.lua , size = 8.292 KB
[21:03:35.234][info] [#0:script/workspace/loading.lua:113]: ++++As library of:	file:///opt/homebrew/Cellar/neovim/0.10.4_1/share/nvim/runtime/lua
[21:03:35.234][info] [#0:script/workspace/loading.lua:101]: Preload file at: file:///opt/homebrew/Cellar/neovim/0.10.4_1/share/nvim/runtime/lua/vim/_meta/builtin.lua , size = 11.183 KB
[21:03:35.236][info] [#0:script/workspace/loading.lua:113]: ++++As library of:	file:///opt/homebrew/Cellar/neovim/0.10.4_1/share/nvim/runtime/lua
[21:03:35.236][info] [#0:script/workspace/loading.lua:101]: Preload file at: file:///opt/homebrew/Cellar/neovim/0.10.4_1/share/nvim/runtime/lua/vim/_meta/vvars.lua , size = 25.272 KB
[21:03:35.240][info] [#0:script/workspace/loading.lua:113]: ++++As library of:	file:///opt/homebrew/Cellar/neovim/0.10.4_1/share/nvim/runtime/lua
[21:03:35.240][info] [#0:script/workspace/loading.lua:101]: Preload file at: file:///opt/homebrew/Cellar/neovim/0.10.4_1/share/nvim/runtime/lua/vim/_meta/regex.lua , size = 1.347 KB
[21:03:35.241][info] [#0:script/workspace/loading.lua:113]: ++++As library of:	file:///opt/homebrew/Cellar/neovim/0.10.4_1/share/nvim/runtime/lua
[21:03:35.241][info] [#0:script/workspace/loading.lua:101]: Preload file at: file:///opt/homebrew/Cellar/neovim/0.10.4_1/share/nvim/runtime/lua/vim/_meta/diff.lua , size = 2.492 KB
[21:03:35.242][info] [#0:script/workspace/loading.lua:113]: ++++As library of:	file:///opt/homebrew/Cellar/neovim/0.10.4_1/share/nvim/runtime/lua
[21:03:35.242][info] [#0:script/workspace/loading.lua:101]: Preload file at: file:///opt/homebrew/Cellar/neovim/0.10.4_1/share/nvim/runtime/lua/vim/_meta/json.lua , size = 1.359 KB
[21:03:35.242][info] [#0:script/workspace/loading.lua:113]: ++++As library of:	file:///opt/homebrew/Cellar/neovim/0.10.4_1/share/nvim/runtime/lua
[21:03:35.242][info] [#0:script/workspace/loading.lua:101]: Preload file at: file:///opt/homebrew/Cellar/neovim/0.10.4_1/share/nvim/runtime/lua/vim/_meta/spell.lua , size = 0.943 KB
[21:03:35.242][info] [#0:script/workspace/loading.lua:113]: ++++As library of:	file:///opt/homebrew/Cellar/neovim/0.10.4_1/share/nvim/runtime/lua
[21:03:35.242][info] [#0:script/workspace/loading.lua:101]: Preload file at: file:///opt/homebrew/Cellar/neovim/0.10.4_1/share/nvim/runtime/lua/vim/_meta/re.lua , size = 2.217 KB
[21:03:35.243][info] [#0:script/workspace/loading.lua:113]: ++++As library of:	file:///opt/homebrew/Cellar/neovim/0.10.4_1/share/nvim/runtime/lua
[21:03:35.243][info] [#0:script/workspace/loading.lua:101]: Preload file at: file:///opt/homebrew/Cellar/neovim/0.10.4_1/share/nvim/runtime/lua/vim/_meta/builtin_types.lua , size = 3.362 KB
[21:03:35.245][info] [#0:script/workspace/loading.lua:113]: ++++As library of:	file:///opt/homebrew/Cellar/neovim/0.10.4_1/share/nvim/runtime/lua
[21:03:35.245][info] [#0:script/workspace/loading.lua:89]: Skip loaded file: file:///Users/soc/Documents/Git/yazi/plugins/searchjump.yazi/main.lua
[21:03:35.345][info] [#0:script/workspace/loading.lua:101]: Preload file at: file:///opt/homebrew/Cellar/neovim/0.10.4_1/share/nvim/runtime/lua/vim/_meta/mpack.lua , size = 0.478 KB
[21:03:35.346][info] [#0:script/workspace/loading.lua:113]: ++++As library of:	file:///opt/homebrew/Cellar/neovim/0.10.4_1/share/nvim/runtime/lua
[21:03:35.346][info] [#0:script/workspace/loading.lua:101]: Preload file at: file:///opt/homebrew/Cellar/neovim/0.10.4_1/share/nvim/runtime/lua/vim/_meta/lpeg.lua , size = 15.348 KB
[21:03:35.351][info] [#0:script/workspace/loading.lua:113]: ++++As library of:	file:///opt/homebrew/Cellar/neovim/0.10.4_1/share/nvim/runtime/lua
[21:03:35.351][info] [#0:script/workspace/loading.lua:101]: Preload file at: file:///opt/homebrew/Cellar/neovim/0.10.4_1/share/nvim/runtime/lua/vim/_meta/options.lua , size = 323.972 KB
[21:03:35.423][info] [#0:script/workspace/loading.lua:113]: ++++As library of:	file:///opt/homebrew/Cellar/neovim/0.10.4_1/share/nvim/runtime/lua
[21:03:35.423][info] [#0:script/workspace/loading.lua:101]: Preload file at: file:///opt/homebrew/Cellar/neovim/0.10.4_1/share/nvim/runtime/lua/vim/_meta/vimfn.lua , size = 398.838 KB
[21:03:35.511][info] [#0:script/workspace/loading.lua:113]: ++++As library of:	file:///opt/homebrew/Cellar/neovim/0.10.4_1/share/nvim/runtime/lua
[21:03:35.511][info] [#0:script/workspace/loading.lua:101]: Preload file at: file:///opt/homebrew/Cellar/neovim/0.10.4_1/share/nvim/runtime/lua/vim/_meta/api_keysets_extra.lua , size = 4.535 KB
[21:03:35.513][info] [#0:script/workspace/loading.lua:113]: ++++As library of:	file:///opt/homebrew/Cellar/neovim/0.10.4_1/share/nvim/runtime/lua
[21:03:35.513][info] [#0:script/workspace/loading.lua:101]: Preload file at: file:///opt/homebrew/Cellar/neovim/0.10.4_1/share/nvim/runtime/lua/vim/_meta/misc.lua , size = 0.291 KB
[21:03:35.513][info] [#0:script/workspace/loading.lua:113]: ++++As library of:	file:///opt/homebrew/Cellar/neovim/0.10.4_1/share/nvim/runtime/lua
[21:03:35.513][info] [#0:script/workspace/loading.lua:101]: Preload file at: file:///opt/homebrew/Cellar/neovim/0.10.4_1/share/nvim/runtime/lua/vim/_meta/base64.lua , size = 0.307 KB
[21:03:35.513][info] [#0:script/workspace/loading.lua:113]: ++++As library of:	file:///opt/homebrew/Cellar/neovim/0.10.4_1/share/nvim/runtime/lua
[21:03:35.514][info] [#0:script/workspace/loading.lua:101]: Preload file at: file:///opt/homebrew/Cellar/neovim/0.10.4_1/share/nvim/runtime/lua/vim/_meta/api.lua , size = 97.323 KB
[21:03:35.531][info] [#0:script/workspace/loading.lua:113]: ++++As library of:	file:///opt/homebrew/Cellar/neovim/0.10.4_1/share/nvim/runtime/lua
[21:03:35.531][info] [#0:script/workspace/loading.lua:101]: Preload file at: file:///opt/homebrew/Cellar/neovim/0.10.4_1/share/nvim/runtime/lua/vim/inspect.lua , size = 8.864 KB
[21:03:35.534][info] [#0:script/workspace/loading.lua:113]: ++++As library of:	file:///opt/homebrew/Cellar/neovim/0.10.4_1/share/nvim/runtime/lua
[21:03:35.534][info] [#0:script/workspace/loading.lua:101]: Preload file at: file:///opt/homebrew/Cellar/neovim/0.10.4_1/share/nvim/runtime/lua/vim/iter.lua , size = 25.504 KB
[21:03:35.542][info] [#0:script/workspace/loading.lua:113]: ++++As library of:	file:///opt/homebrew/Cellar/neovim/0.10.4_1/share/nvim/runtime/lua
[21:03:35.542][info] [#0:script/workspace/loading.lua:101]: Preload file at: file:///opt/homebrew/Cellar/neovim/0.10.4_1/share/nvim/runtime/lua/vim/lsp.lua , size = 40.430 KB
[21:03:35.553][info] [#0:script/workspace/loading.lua:113]: ++++As library of:	file:///opt/homebrew/Cellar/neovim/0.10.4_1/share/nvim/runtime/lua
[21:03:35.553][info] [#0:script/workspace/loading.lua:101]: Preload file at: file:///opt/homebrew/Cellar/neovim/0.10.4_1/share/nvim/runtime/lua/vim/termcap.lua , size = 3.103 KB
[21:03:35.554][info] [#0:script/workspace/loading.lua:113]: ++++As library of:	file:///opt/homebrew/Cellar/neovim/0.10.4_1/share/nvim/runtime/lua
[21:03:35.554][info] [#0:script/workspace/loading.lua:101]: Preload file at: file:///opt/homebrew/Cellar/neovim/0.10.4_1/share/nvim/runtime/lua/vim/filetype/options.lua , size = 2.559 KB
[21:03:35.555][info] [#0:script/workspace/loading.lua:113]: ++++As library of:	file:///opt/homebrew/Cellar/neovim/0.10.4_1/share/nvim/runtime/lua
[21:03:35.555][info] [#0:script/workspace/loading.lua:101]: Preload file at: file:///opt/homebrew/Cellar/neovim/0.10.4_1/share/nvim/runtime/lua/vim/filetype/detect.lua , size = 57.151 KB
[21:03:35.572][info] [#0:script/workspace/loading.lua:113]: ++++As library of:	file:///opt/homebrew/Cellar/neovim/0.10.4_1/share/nvim/runtime/lua
[21:03:35.572][info] [#0:script/workspace/loading.lua:101]: Preload file at: file:///opt/homebrew/Cellar/neovim/0.10.4_1/share/nvim/runtime/lua/vim/_comment.lua , size = 8.743 KB
[21:03:35.575][info] [#0:script/workspace/loading.lua:113]: ++++As library of:	file:///opt/homebrew/Cellar/neovim/0.10.4_1/share/nvim/runtime/lua
[21:03:35.575][info] [#0:script/workspace/loading.lua:101]: Preload file at: file:///opt/homebrew/Cellar/neovim/0.10.4_1/share/nvim/runtime/lua/vim/version.lua , size = 13.605 KB
[21:03:35.579][info] [#0:script/workspace/loading.lua:113]: ++++As library of:	file:///opt/homebrew/Cellar/neovim/0.10.4_1/share/nvim/runtime/lua
[21:03:35.579][info] [#0:script/workspace/loading.lua:101]: Preload file at: file:///opt/homebrew/Cellar/neovim/0.10.4_1/share/nvim/runtime/lua/vim/_options.lua , size = 25.441 KB
[21:03:35.585][info] [#0:script/workspace/loading.lua:113]: ++++As library of:	file:///opt/homebrew/Cellar/neovim/0.10.4_1/share/nvim/runtime/lua
[21:03:35.585][info] [#0:script/workspace/loading.lua:101]: Preload file at: file:///opt/homebrew/Cellar/neovim/0.10.4_1/share/nvim/runtime/lua/vim/uri.lua , size = 3.571 KB
[21:03:35.587][info] [#0:script/workspace/loading.lua:113]: ++++As library of:	file:///opt/homebrew/Cellar/neovim/0.10.4_1/share/nvim/runtime/lua
[21:03:35.587][info] [#0:script/workspace/loading.lua:101]: Preload file at: file:///opt/homebrew/Cellar/neovim/0.10.4_1/share/nvim/runtime/lua/vim/_defaults.lua , size = 18.717 KB
[21:03:35.591][info] [#0:script/workspace/loading.lua:113]: ++++As library of:	file:///opt/homebrew/Cellar/neovim/0.10.4_1/share/nvim/runtime/lua
[21:03:35.591][info] [#0:script/workspace/loading.lua:101]: Preload file at: file:///opt/homebrew/Cellar/neovim/0.10.4_1/share/nvim/runtime/lua/vim/vimhelp.lua , size = 0.967 KB
[21:03:35.592][info] [#0:script/workspace/loading.lua:113]: ++++As library of:	file:///opt/homebrew/Cellar/neovim/0.10.4_1/share/nvim/runtime/lua
[21:03:35.592][info] [#0:script/workspace/loading.lua:101]: Preload file at: file:///opt/homebrew/Cellar/neovim/0.10.4_1/share/nvim/runtime/lua/vim/treesitter.lua , size = 14.036 KB
[21:03:35.596][info] [#0:script/workspace/loading.lua:113]: ++++As library of:	file:///opt/homebrew/Cellar/neovim/0.10.4_1/share/nvim/runtime/lua
[21:03:35.596][info] [#0:script/workspace/loading.lua:101]: Preload file at: file:///opt/homebrew/Cellar/neovim/0.10.4_1/share/nvim/runtime/lua/vim/func.lua , size = 1.753 KB
[21:03:35.596][info] [#0:script/workspace/loading.lua:113]: ++++As library of:	file:///opt/homebrew/Cellar/neovim/0.10.4_1/share/nvim/runtime/lua
[21:03:35.596][info] [#0:script/workspace/loading.lua:101]: Preload file at: file:///opt/homebrew/Cellar/neovim/0.10.4_1/share/nvim/runtime/lua/vim/ui.lua , size = 5.396 KB
[21:03:35.598][info] [#0:script/workspace/loading.lua:113]: ++++As library of:	file:///opt/homebrew/Cellar/neovim/0.10.4_1/share/nvim/runtime/lua
[21:03:35.598][info] [#0:script/workspace/loading.lua:101]: Preload file at: file:///opt/homebrew/Cellar/neovim/0.10.4_1/share/nvim/runtime/lua/vim/provider.lua , size = 0.197 KB
[21:03:35.598][info] [#0:script/workspace/loading.lua:113]: ++++As library of:	file:///opt/homebrew/Cellar/neovim/0.10.4_1/share/nvim/runtime/lua
[21:03:35.598][info] [#0:script/workspace/loading.lua:101]: Preload file at: file:///opt/homebrew/Cellar/neovim/0.10.4_1/share/nvim/runtime/lua/vim/_init_packages.lua , size = 3.023 KB
[21:03:35.599][info] [#0:script/workspace/loading.lua:113]: ++++As library of:	file:///opt/homebrew/Cellar/neovim/0.10.4_1/share/nvim/runtime/lua
[21:03:35.599][info] [#0:script/workspace/loading.lua:101]: Preload file at: file:///opt/homebrew/Cellar/neovim/0.10.4_1/share/nvim/runtime/lua/vim/filetype.lua , size = 68.524 KB
[21:03:35.616][info] [#0:script/workspace/loading.lua:113]: ++++As library of:	file:///opt/homebrew/Cellar/neovim/0.10.4_1/share/nvim/runtime/lua
[21:03:35.616][info] [#0:script/workspace/loading.lua:101]: Preload file at: file:///opt/homebrew/Cellar/neovim/0.10.4_1/share/nvim/runtime/lua/vim/text.lua , size = 0.812 KB
[21:03:35.616][info] [#0:script/workspace/loading.lua:113]: ++++As library of:	file:///opt/homebrew/Cellar/neovim/0.10.4_1/share/nvim/runtime/lua
[21:03:35.616][info] [#0:script/workspace/loading.lua:101]: Preload file at: file:///opt/homebrew/Cellar/neovim/0.10.4_1/share/nvim/runtime/lua/vim/snippet.lua , size = 20.081 KB
[21:03:35.623][info] [#0:script/workspace/loading.lua:113]: ++++As library of:	file:///opt/homebrew/Cellar/neovim/0.10.4_1/share/nvim/runtime/lua
[21:03:35.623][info] [#0:script/workspace/loading.lua:101]: Preload file at: file:///opt/homebrew/Cellar/neovim/0.10.4_1/share/nvim/runtime/lua/vim/_watch.lua , size = 8.901 KB
[21:03:35.626][info] [#0:script/workspace/loading.lua:113]: ++++As library of:	file:///opt/homebrew/Cellar/neovim/0.10.4_1/share/nvim/runtime/lua
[21:03:35.626][info] [#0:script/workspace/loading.lua:101]: Preload file at: file:///opt/homebrew/Cellar/neovim/0.10.4_1/share/nvim/runtime/lua/vim/func/_memoize.lua , size = 1.354 KB
[21:03:35.626][info] [#0:script/workspace/loading.lua:113]: ++++As library of:	file:///opt/homebrew/Cellar/neovim/0.10.4_1/share/nvim/runtime/lua
[21:03:35.626][info] [#0:script/workspace/loading.lua:101]: Preload file at: file:///opt/homebrew/Cellar/neovim/0.10.4_1/share/nvim/runtime/lua/vim/F.lua , size = 1.076 KB
[21:03:35.627][info] [#0:script/workspace/loading.lua:113]: ++++As library of:	file:///opt/homebrew/Cellar/neovim/0.10.4_1/share/nvim/runtime/lua
[21:03:35.627][info] [#0:script/workspace/loading.lua:101]: Preload file at: file:///opt/homebrew/Cellar/neovim/0.10.4_1/share/nvim/runtime/lua/coxpcall.lua , size = 3.451 KB
[21:03:35.628][info] [#0:script/workspace/loading.lua:113]: ++++As library of:	file:///opt/homebrew/Cellar/neovim/0.10.4_1/share/nvim/runtime/lua
[21:03:35.628][info] [#0:script/workspace/loading.lua:101]: Preload file at: file:///opt/homebrew/Cellar/neovim/0.10.4_1/share/nvim/runtime/lua/nvim/health.lua , size = 12.509 KB
[21:03:35.632][info] [#0:script/workspace/loading.lua:113]: ++++As library of:	file:///opt/homebrew/Cellar/neovim/0.10.4_1/share/nvim/runtime/lua
[21:03:35.632][info] [#0:script/workspace/loading.lua:101]: Preload file at: file:///opt/homebrew/Cellar/neovim/0.10.4_1/share/nvim/runtime/lua/provider/perl/health.lua , size = 2.752 KB
[21:03:35.633][info] [#0:script/workspace/loading.lua:113]: ++++As library of:	file:///opt/homebrew/Cellar/neovim/0.10.4_1/share/nvim/runtime/lua
[21:03:35.633][info] [#0:script/workspace/loading.lua:101]: Preload file at: file:///opt/homebrew/Cellar/neovim/0.10.4_1/share/nvim/runtime/lua/provider/node/health.lua , size = 3.375 KB
[21:03:35.634][info] [#0:script/workspace/loading.lua:113]: ++++As library of:	file:///opt/homebrew/Cellar/neovim/0.10.4_1/share/nvim/runtime/lua
[21:03:35.634][info] [#0:script/workspace/loading.lua:101]: Preload file at: file:///opt/homebrew/Cellar/neovim/0.10.4_1/share/nvim/runtime/lua/provider/python/health.lua , size = 16.369 KB
[21:03:35.638][info] [#0:script/workspace/loading.lua:113]: ++++As library of:	file:///opt/homebrew/Cellar/neovim/0.10.4_1/share/nvim/runtime/lua
[21:03:35.638][info] [#0:script/workspace/loading.lua:101]: Preload file at: file:///opt/homebrew/Cellar/neovim/0.10.4_1/share/nvim/runtime/lua/provider/clipboard/health.lua , size = 1.151 KB
[21:03:35.638][info] [#0:script/workspace/loading.lua:113]: ++++As library of:	file:///opt/homebrew/Cellar/neovim/0.10.4_1/share/nvim/runtime/lua
[21:03:35.638][info] [#0:script/workspace/loading.lua:101]: Preload file at: file:///opt/homebrew/Cellar/neovim/0.10.4_1/share/nvim/runtime/lua/provider/ruby/health.lua , size = 2.211 KB
[21:03:35.639][info] [#0:script/workspace/loading.lua:113]: ++++As library of:	file:///opt/homebrew/Cellar/neovim/0.10.4_1/share/nvim/runtime/lua
[21:03:35.639][info] [#0:script/workspace/loading.lua:101]: Preload file at: file:///opt/homebrew/Cellar/neovim/0.10.4_1/share/nvim/runtime/lua/tohtml.lua , size = 42.432 KB
[21:03:35.683][info] [#0:script/workspace/loading.lua:113]: ++++As library of:	file:///opt/homebrew/Cellar/neovim/0.10.4_1/share/nvim/runtime/lua
[21:03:35.683][info] [#0:script/workspace/loading.lua:101]: Preload file at: file:///opt/homebrew/Cellar/neovim/0.10.4_1/share/nvim/runtime/lua/man.lua , size = 23.687 KB
[21:03:35.691][info] [#0:script/workspace/loading.lua:113]: ++++As library of:	file:///opt/homebrew/Cellar/neovim/0.10.4_1/share/nvim/runtime/lua
[21:03:35.691][info] [#0:script/workspace/loading.lua:101]: Preload file at: file:///opt/homebrew/Cellar/neovim/0.10.4_1/share/nvim/runtime/lua/_vim9script.lua , size = 15.418 KB
[21:03:35.696][info] [#0:script/workspace/loading.lua:113]: ++++As library of:	file:///opt/homebrew/Cellar/neovim/0.10.4_1/share/nvim/runtime/lua
[21:03:35.696][info] [#0:script/workspace/loading.lua:101]: Preload file at: file:///opt/homebrew/Cellar/neovim/0.10.4_1/share/nvim/runtime/lua/editorconfig.lua , size = 10.443 KB
[21:03:35.699][info] [#0:script/workspace/loading.lua:113]: ++++As library of:	file:///opt/homebrew/Cellar/neovim/0.10.4_1/share/nvim/runtime/lua
[21:03:35.699][info] [#0:script/workspace/loading.lua:101]: Preload file at: file:///Users/soc/.local/share/nvim/mason/packages/lua-language-server/libexec/meta/LuaJIT%20en-us%20utf8/jit.lua , size = 0.884 KB
[21:03:35.699][info] [#0:script/workspace/loading.lua:113]: ++++As library of:	file:///Users/soc/.local/share/nvim/mason/packages/lua-language-server/libexec/meta/LuaJIT%20en-us%20utf8/jit.lua
[21:03:35.699][info] [#0:script/workspace/loading.lua:101]: Preload file at: file:///Users/soc/.local/share/nvim/mason/packages/lua-language-server/libexec/meta/LuaJIT%20en-us%20utf8/builtin.lua , size = 0.302 KB
[21:03:35.699][info] [#0:script/workspace/loading.lua:113]: ++++As library of:	file:///Users/soc/.local/share/nvim/mason/packages/lua-language-server/libexec/meta/LuaJIT%20en-us%20utf8/builtin.lua
[21:03:35.700][info] [#0:script/workspace/loading.lua:101]: Preload file at: file:///Users/soc/.local/share/nvim/mason/packages/lua-language-server/libexec/meta/LuaJIT%20en-us%20utf8/table.lua , size = 4.235 KB
[21:03:35.701][info] [#0:script/workspace/loading.lua:113]: ++++As library of:	file:///Users/soc/.local/share/nvim/mason/packages/lua-language-server/libexec/meta/LuaJIT%20en-us%20utf8/table.lua
[21:03:35.701][info] [#0:script/workspace/loading.lua:101]: Preload file at: file:///Users/soc/.local/share/nvim/mason/packages/lua-language-server/libexec/meta/LuaJIT%20en-us%20utf8/os.lua , size = 5.600 KB
[21:03:35.703][info] [#0:script/workspace/loading.lua:113]: ++++As library of:	file:///Users/soc/.local/share/nvim/mason/packages/lua-language-server/libexec/meta/LuaJIT%20en-us%20utf8/os.lua
[21:03:35.703][info] [#0:script/workspace/loading.lua:101]: Preload file at: file:///Users/soc/.local/share/nvim/mason/packages/lua-language-server/libexec/meta/LuaJIT%20en-us%20utf8/jit/util.lua , size = 1.984 KB
[21:03:35.704][info] [#0:script/workspace/loading.lua:113]: ++++As library of:	file:///Users/soc/.local/share/nvim/mason/packages/lua-language-server/libexec/meta/LuaJIT%20en-us%20utf8/jit/util.lua
[21:03:35.704][info] [#0:script/workspace/loading.lua:101]: Preload file at: file:///Users/soc/.local/share/nvim/mason/packages/lua-language-server/libexec/meta/LuaJIT%20en-us%20utf8/table/clear.lua , size = 0.797 KB
[21:03:35.704][info] [#0:script/workspace/loading.lua:113]: ++++As library of:	file:///Users/soc/.local/share/nvim/mason/packages/lua-language-server/libexec/meta/LuaJIT%20en-us%20utf8/table/clear.lua
[21:03:35.704][info] [#0:script/workspace/loading.lua:101]: Preload file at: file:///Users/soc/.local/share/nvim/mason/packages/lua-language-server/libexec/meta/LuaJIT%20en-us%20utf8/string.lua , size = 6.323 KB
[21:03:35.707][info] [#0:script/workspace/loading.lua:113]: ++++As library of:	file:///Users/soc/.local/share/nvim/mason/packages/lua-language-server/libexec/meta/LuaJIT%20en-us%20utf8/string.lua
[21:03:35.707][info] [#0:script/workspace/loading.lua:101]: Preload file at: file:///Users/soc/.local/share/nvim/mason/packages/lua-language-server/libexec/meta/LuaJIT%20en-us%20utf8/ffi.lua , size = 2.529 KB
[21:03:35.708][info] [#0:script/workspace/loading.lua:113]: ++++As library of:	file:///Users/soc/.local/share/nvim/mason/packages/lua-language-server/libexec/meta/LuaJIT%20en-us%20utf8/ffi.lua
[21:03:35.708][info] [#0:script/workspace/loading.lua:101]: Preload file at: file:///Users/soc/.local/share/nvim/mason/packages/lua-language-server/libexec/meta/LuaJIT%20en-us%20utf8/io.lua , size = 6.364 KB
[21:03:35.710][info] [#0:script/workspace/loading.lua:113]: ++++As library of:	file:///Users/soc/.local/share/nvim/mason/packages/lua-language-server/libexec/meta/LuaJIT%20en-us%20utf8/io.lua
[21:03:35.710][info] [#0:script/workspace/loading.lua:101]: Preload file at: file:///Users/soc/.local/share/nvim/mason/packages/lua-language-server/libexec/meta/LuaJIT%20en-us%20utf8/table/new.lua , size = 0.642 KB
[21:03:35.710][info] [#0:script/workspace/loading.lua:113]: ++++As library of:	file:///Users/soc/.local/share/nvim/mason/packages/lua-language-server/libexec/meta/LuaJIT%20en-us%20utf8/table/new.lua
[21:03:35.710][info] [#0:script/workspace/loading.lua:101]: Preload file at: file:///Users/soc/.local/share/nvim/mason/packages/lua-language-server/libexec/meta/LuaJIT%20en-us%20utf8/bit.lua , size = 1.319 KB
[21:03:35.711][info] [#0:script/workspace/loading.lua:113]: ++++As library of:	file:///Users/soc/.local/share/nvim/mason/packages/lua-language-server/libexec/meta/LuaJIT%20en-us%20utf8/bit.lua
[21:03:35.711][info] [#0:script/workspace/loading.lua:101]: Preload file at: file:///Users/soc/.local/share/nvim/mason/packages/lua-language-server/libexec/meta/LuaJIT%20en-us%20utf8/jit/profile.lua , size = 0.348 KB
[21:03:35.712][info] [#0:script/workspace/loading.lua:113]: ++++As library of:	file:///Users/soc/.local/share/nvim/mason/packages/lua-language-server/libexec/meta/LuaJIT%20en-us%20utf8/jit/profile.lua
[21:03:35.712][info] [#0:script/workspace/loading.lua:101]: Preload file at: file:///Users/soc/.local/share/nvim/mason/packages/lua-language-server/libexec/meta/LuaJIT%20en-us%20utf8/string/buffer.lua , size = 18.123 KB
[21:03:35.714][info] [#0:script/workspace/loading.lua:113]: ++++As library of:	file:///Users/soc/.local/share/nvim/mason/packages/lua-language-server/libexec/meta/LuaJIT%20en-us%20utf8/string/buffer.lua
[21:03:35.714][info] [#0:script/workspace/loading.lua:101]: Preload file at: file:///Users/soc/.local/share/nvim/mason/packages/lua-language-server/libexec/meta/LuaJIT%20en-us%20utf8/package.lua , size = 2.699 KB
[21:03:35.715][info] [#0:script/workspace/loading.lua:113]: ++++As library of:	file:///Users/soc/.local/share/nvim/mason/packages/lua-language-server/libexec/meta/LuaJIT%20en-us%20utf8/package.lua
[21:03:35.715][info] [#0:script/workspace/loading.lua:101]: Preload file at: file:///Users/soc/.local/share/nvim/mason/packages/lua-language-server/libexec/meta/LuaJIT%20en-us%20utf8/math.lua , size = 7.949 KB
[21:03:35.717][info] [#0:script/workspace/loading.lua:113]: ++++As library of:	file:///Users/soc/.local/share/nvim/mason/packages/lua-language-server/libexec/meta/LuaJIT%20en-us%20utf8/math.lua
[21:03:35.717][info] [#0:script/workspace/loading.lua:101]: Preload file at: file:///Users/soc/.local/share/nvim/mason/packages/lua-language-server/libexec/meta/LuaJIT%20en-us%20utf8/debug.lua , size = 7.310 KB
[21:03:35.720][info] [#0:script/workspace/loading.lua:113]: ++++As library of:	file:///Users/soc/.local/share/nvim/mason/packages/lua-language-server/libexec/meta/LuaJIT%20en-us%20utf8/debug.lua
[21:03:35.720][info] [#0:script/workspace/loading.lua:101]: Preload file at: file:///Users/soc/.local/share/nvim/mason/packages/lua-language-server/libexec/meta/LuaJIT%20en-us%20utf8/coroutine.lua , size = 2.541 KB
[21:03:35.721][info] [#0:script/workspace/loading.lua:113]: ++++As library of:	file:///Users/soc/.local/share/nvim/mason/packages/lua-language-server/libexec/meta/LuaJIT%20en-us%20utf8/coroutine.lua
[21:03:35.822][info] [#0:script/workspace/loading.lua:173]: Loaded files takes [0.735] sec: file:///Users/soc/Documents/Git/yazi/plugins/searchjump.yazi
[21:03:35.822][info] [#0:script/workspace/loading.lua:182]: Compile files takes [0.000] sec: file:///Users/soc/Documents/Git/yazi/plugins/searchjump.yazi
[21:03:35.822][info] [#0:script/workspace/loading.lua:183]: Loaded finish:	file:///Users/soc/Documents/Git/yazi/plugins/searchjump.yazi
[21:03:35.822][info] [#0:script/workspace/workspace.lua:381]: Preload finish at:	file:///Users/soc/Documents/Git/yazi/plugins/searchjump.yazi
[21:03:35.946][warn] [#0:script/proto/proto.lua:187]: Method [textDocument/didOpen] takes [0.912]sec. {
  jsonrpc = "2.0",
  method = "textDocument/didOpen",
  params = {
    textDocument = {
      languageId = "lua",
      text = '"***"',
      uri = "file:///Users/soc/Documents/Git/yazi/plugins/searchjump.yazi/main.lua",
      version = 0
    }
  }
}
[21:03:35.950][info] [#0:script/provider/diagnostic.lua:560]: Diagnostics scope [file:///Users/soc/Documents/Git/yazi/plugins/searchjump.yazi], files count:[119]
[21:03:35.959][warn] [#0:script/proto/proto.lua:187]: Method [textDocument/documentHighlight] takes [0.624]sec. {
  id = 15,
  jsonrpc = "2.0",
  method = "textDocument/documentHighlight",
  params = {
    position = {
      character = 0,
      line = 1
    },
    textDocument = {
      uri = "file:///Users/soc/Documents/Git/yazi/plugins/searchjump.yazi/main.lua"
    }
  }
}
[21:03:36.408][warn] [#0:script/proto/proto.lua:187]: Method [textDocument/inlayHint] takes [1.338]sec. {
  id = 7,
  jsonrpc = "2.0",
  method = "textDocument/inlayHint",
  params = {
    range = {
      end = {
        character = 0,
        line = 10526
      },
      start = {
        character = 0,
        line = 0
      }
    },
    textDocument = {
      uri = "file:///Users/soc/Documents/Git/yazi/plugins/searchjump.yazi/main.lua"
    }
  }
}
[21:03:36.408][warn] [#0:script/proto/proto.lua:187]: Method [textDocument/inlayHint] takes [1.338]sec. {
  id = 9,
  jsonrpc = "2.0",
  method = "textDocument/inlayHint",
  params = {
    range = {
      end = {
        character = 0,
        line = 10526
      },
      start = {
        character = 0,
        line = 0
      }
    },
    textDocument = {
      uri = "file:///Users/soc/Documents/Git/yazi/plugins/searchjump.yazi/main.lua"
    }
  }
}
[21:03:36.408][warn] [#0:script/proto/proto.lua:187]: Method [textDocument/inlayHint] takes [1.338]sec. {
  id = 11,
  jsonrpc = "2.0",
  method = "textDocument/inlayHint",
  params = {
    range = {
      end = {
        character = 0,
        line = 10526
      },
      start = {
        character = 0,
        line = 0
      }
    },
    textDocument = {
      uri = "file:///Users/soc/Documents/Git/yazi/plugins/searchjump.yazi/main.lua"
    }
  }
}
[21:03:36.408][warn] [#0:script/proto/proto.lua:187]: Method [textDocument/inlayHint] takes [1.330]sec. {
  id = 13,
  jsonrpc = "2.0",
  method = "textDocument/inlayHint",
  params = {
    range = {
      end = {
        character = 0,
        line = 10526
      },
      start = {
        character = 0,
        line = 0
      }
    },
    textDocument = {
      uri = "file:///Users/soc/Documents/Git/yazi/plugins/searchjump.yazi/main.lua"
    }
  }
}
[21:04:29.202][warn] [#0:script/await.lua:222]: [fire]Await step takes [51.986] sec.
stack traceback:
	[C]: in function 'coroutine.yield'
	script/await.lua:176: in function 'await.delay'
	script/core/diagnostics/deprecated.lua:35: in local 'callback'
	script/parser/guide.lua:770: in function 'parser.guide.eachSourceTypes'
	script/core/diagnostics/deprecated.lua:21: in function 'core.diagnostics.deprecated'
	script/core/diagnostics/init.lua:119: in upvalue 'check'
	script/core/diagnostics/init.lua:181: in function 'core.diagnostics'
	[C]: in function 'xpcall'
	script/provider/diagnostic.lua:337: in function 'provider.diagnostic.doDiagnostic'
	[C]: in function 'xpcall'
	script/provider/diagnostic.lua:598: in local 'callback'
	script/provider/diagnostic.lua:569: in function 'provider.diagnostic.awaitDiagnosticsScope'
	script/provider/diagnostic.lua:597: in function <script/provider/diagnostic.lua:595>
[21:04:32.282][warn] [#0:script/core/diagnostics/init.lua:137]: Diagnostics [deprecated] @ [file:///Users/soc/Documents/Git/yazi/plugins/searchjump.yazi/main.lua] takes [55.326] sec!
[21:04:32.422][warn] [#0:script/proto/proto.lua:187]: Method [textDocument/semanticTokens/full] takes [56.523]sec. {
  id = 12,
  jsonrpc = "2.0",
  method = "textDocument/semanticTokens/full",
  params = {
    textDocument = {
      uri = "file:///Users/soc/Documents/Git/yazi/plugins/searchjump.yazi/main.lua"
    }
  }
}
[21:04:33.934][warn] [#0:script/core/diagnostics/init.lua:137]: Diagnostics [assign-type-mismatch] @ [file:///Users/soc/Documents/Git/yazi/plugins/searchjump.yazi/main.lua] takes [1.613] sec!
[21:04:39.178][warn] [#0:script/await.lua:213]: Await step takes [0.724] sec.
[21:04:41.437][warn] [#0:script/core/diagnostics/init.lua:137]: Diagnostics [newfield-call] @ [file:///Users/soc/Documents/Git/yazi/plugins/searchjump.yazi/main.lua] takes [6.569] sec!
[21:04:46.047][warn] [#0:script/await.lua:213]: Await step takes [1.065] sec.
[21:04:47.556][warn] [#0:script/proto/proto.lua:187]: Method [textDocument/documentSymbol] takes [71.165]sec. {
  id = 3,
  jsonrpc = "2.0",
  method = "textDocument/documentSymbol",
  params = {
    textDocument = {
      uri = "file:///Users/soc/Documents/Git/yazi/plugins/searchjump.yazi/main.lua"
    }
  }
}
[21:04:47.919][warn] [#0:script/proto/proto.lua:187]: Method [textDocument/documentSymbol] takes [71.444]sec. {
  id = 14,
  jsonrpc = "2.0",
  method = "textDocument/documentSymbol",
  params = {
    textDocument = {
      uri = "file:///Users/soc/Documents/Git/yazi/plugins/searchjump.yazi/main.lua"
    }
  }
}
[21:04:48.307][warn] [#0:script/proto/proto.lua:187]: Method [textDocument/documentSymbol] takes [70.639]sec. {
  id = 19,
  jsonrpc = "2.0",
  method = "textDocument/documentSymbol",
  params = {
    textDocument = {
      uri = "file:///Users/soc/Documents/Git/yazi/plugins/searchjump.yazi/main.lua"
    }
  }
}
[21:04:48.794][warn] [#0:script/proto/proto.lua:187]: Method [textDocument/documentSymbol] takes [18.928]sec. {
  id = 22,
  jsonrpc = "2.0",
  method = "textDocument/documentSymbol",
  params = {
    textDocument = {
      uri = "file:///Users/soc/Documents/Git/yazi/plugins/searchjump.yazi/main.lua"
    }
  }
}
[21:04:49.138][warn] [#0:script/proto/proto.lua:187]: Method [textDocument/documentSymbol] takes [19.235]sec. {
  id = 26,
  jsonrpc = "2.0",
  method = "textDocument/documentSymbol",
  params = {
    textDocument = {
      uri = "file:///Users/soc/Documents/Git/yazi/plugins/searchjump.yazi/main.lua"
    }
  }
}
[21:04:49.558][warn] [#0:script/proto/proto.lua:187]: Method [textDocument/documentSymbol] takes [19.560]sec. {
  id = 28,
  jsonrpc = "2.0",
  method = "textDocument/documentSymbol",
  params = {
    textDocument = {
      uri = "file:///Users/soc/Documents/Git/yazi/plugins/searchjump.yazi/main.lua"
    }
  }
}
[21:04:50.071][warn] [#0:script/proto/proto.lua:187]: Method [textDocument/documentSymbol] takes [19.845]sec. {
  id = 32,
  jsonrpc = "2.0",
  method = "textDocument/documentSymbol",
  params = {
    textDocument = {
      uri = "file:///Users/soc/Documents/Git/yazi/plugins/searchjump.yazi/main.lua"
    }
  }
}
[21:04:50.564][warn] [#0:script/proto/proto.lua:187]: Method [textDocument/documentSymbol] takes [20.133]sec. {
  id = 33,
  jsonrpc = "2.0",
  method = "textDocument/documentSymbol",
  params = {
    textDocument = {
      uri = "file:///Users/soc/Documents/Git/yazi/plugins/searchjump.yazi/main.lua"
    }
  }
}
[21:04:51.088][warn] [#0:script/proto/proto.lua:187]: Method [textDocument/documentSymbol] takes [20.428]sec. {
  id = 35,
  jsonrpc = "2.0",
  method = "textDocument/documentSymbol",
  params = {
    textDocument = {
      uri = "file:///Users/soc/Documents/Git/yazi/plugins/searchjump.yazi/main.lua"
    }
  }
}
[21:04:51.622][warn] [#0:script/proto/proto.lua:187]: Method [textDocument/documentSymbol] takes [20.741]sec. {
  id = 37,
  jsonrpc = "2.0",
  method = "textDocument/documentSymbol",
  params = {
    textDocument = {
      uri = "file:///Users/soc/Documents/Git/yazi/plugins/searchjump.yazi/main.lua"
    }
  }
}
[21:04:52.255][warn] [#0:script/proto/proto.lua:187]: Method [textDocument/documentSymbol] takes [21.050]sec. {
  id = 39,
  jsonrpc = "2.0",
  method = "textDocument/documentSymbol",
  params = {
    textDocument = {
      uri = "file:///Users/soc/Documents/Git/yazi/plugins/searchjump.yazi/main.lua"
    }
  }
}
[21:04:52.758][warn] [#0:script/proto/proto.lua:187]: Method [textDocument/documentSymbol] takes [21.408]sec. {
  id = 41,
  jsonrpc = "2.0",
  method = "textDocument/documentSymbol",
  params = {
    textDocument = {
      uri = "file:///Users/soc/Documents/Git/yazi/plugins/searchjump.yazi/main.lua"
    }
  }
}
[21:04:54.694][warn] [#0:script/await.lua:213]: Await step takes [1.677] sec.
[21:04:54.695][warn] [#0:script/proto/proto.lua:187]: Method [textDocument/documentSymbol] takes [23.082]sec. {
  id = 42,
  jsonrpc = "2.0",
  method = "textDocument/documentSymbol",
  params = {
    textDocument = {
      uri = "file:///Users/soc/Documents/Git/yazi/plugins/searchjump.yazi/main.lua"
    }
  }
}
[21:04:55.280][warn] [#0:script/proto/proto.lua:187]: Method [textDocument/documentSymbol] takes [23.443]sec. {
  id = 43,
  jsonrpc = "2.0",
  method = "textDocument/documentSymbol",
  params = {
    textDocument = {
      uri = "file:///Users/soc/Documents/Git/yazi/plugins/searchjump.yazi/main.lua"
    }
  }
}
[21:04:55.866][warn] [#0:script/proto/proto.lua:187]: Method [textDocument/documentSymbol] takes [23.768]sec. {
  id = 45,
  jsonrpc = "2.0",
  method = "textDocument/documentSymbol",
  params = {
    textDocument = {
      uri = "file:///Users/soc/Documents/Git/yazi/plugins/searchjump.yazi/main.lua"
    }
  }
}
[21:04:56.439][warn] [#0:script/proto/proto.lua:187]: Method [textDocument/documentSymbol] takes [24.056]sec. {
  id = 47,
  jsonrpc = "2.0",
  method = "textDocument/documentSymbol",
  params = {
    textDocument = {
      uri = "file:///Users/soc/Documents/Git/yazi/plugins/searchjump.yazi/main.lua"
    }
  }
}
[21:04:57.052][warn] [#0:script/proto/proto.lua:187]: Method [textDocument/documentSymbol] takes [24.356]sec. {
  id = 48,
  jsonrpc = "2.0",
  method = "textDocument/documentSymbol",
  params = {
    textDocument = {
      uri = "file:///Users/soc/Documents/Git/yazi/plugins/searchjump.yazi/main.lua"
    }
  }
}
[21:04:57.658][warn] [#0:script/proto/proto.lua:187]: Method [textDocument/documentSymbol] takes [24.728]sec. {
  id = 49,
  jsonrpc = "2.0",
  method = "textDocument/documentSymbol",
  params = {
    textDocument = {
      uri = "file:///Users/soc/Documents/Git/yazi/plugins/searchjump.yazi/main.lua"
    }
  }
}
[21:04:58.299][warn] [#0:script/proto/proto.lua:187]: Method [textDocument/documentSymbol] takes [25.040]sec. {
  id = 50,
  jsonrpc = "2.0",
  method = "textDocument/documentSymbol",
  params = {
    textDocument = {
      uri = "file:///Users/soc/Documents/Git/yazi/plugins/searchjump.yazi/main.lua"
    }
  }
}
[21:04:59.098][warn] [#0:script/proto/proto.lua:187]: Method [textDocument/documentSymbol] takes [25.383]sec. {
  id = 51,
  jsonrpc = "2.0",
  method = "textDocument/documentSymbol",
  params = {
    textDocument = {
      uri = "file:///Users/soc/Documents/Git/yazi/plugins/searchjump.yazi/main.lua"
    }
  }
}
[21:04:59.926][warn] [#0:script/proto/proto.lua:187]: Method [textDocument/documentSymbol] takes [25.843]sec. {
  id = 53,
  jsonrpc = "2.0",
  method = "textDocument/documentSymbol",
  params = {
    textDocument = {
      uri = "file:///Users/soc/Documents/Git/yazi/plugins/searchjump.yazi/main.lua"
    }
  }
}
[21:05:00.700][warn] [#0:script/await.lua:213]: Await step takes [0.539] sec.
[21:05:00.701][warn] [#0:script/proto/proto.lua:187]: Method [textDocument/documentSymbol] takes [26.379]sec. {
  id = 54,
  jsonrpc = "2.0",
  method = "textDocument/documentSymbol",
  params = {
    textDocument = {
      uri = "file:///Users/soc/Documents/Git/yazi/plugins/searchjump.yazi/main.lua"
    }
  }
}
[21:05:03.290][warn] [#0:script/await.lua:213]: Await step takes [1.875] sec.
[21:05:03.291][warn] [#0:script/proto/proto.lua:187]: Method [textDocument/documentSymbol] takes [28.253]sec. {
  id = 56,
  jsonrpc = "2.0",
  method = "textDocument/documentSymbol",
  params = {
    textDocument = {
      uri = "file:///Users/soc/Documents/Git/yazi/plugins/searchjump.yazi/main.lua"
    }
  }
}
[21:05:04.393][warn] [#0:script/proto/proto.lua:187]: Method [textDocument/documentSymbol] takes [28.637]sec. {
  id = 58,
  jsonrpc = "2.0",
  method = "textDocument/documentSymbol",
  params = {
    textDocument = {
      uri = "file:///Users/soc/Documents/Git/yazi/plugins/searchjump.yazi/main.lua"
    }
  }
}
[21:05:06.270][warn] [#0:script/proto/proto.lua:187]: Method [textDocument/documentSymbol] takes [29.027]sec. {
  id = 59,
  jsonrpc = "2.0",
  method = "textDocument/documentSymbol",
  params = {
    textDocument = {
      uri = "file:///Users/soc/Documents/Git/yazi/plugins/searchjump.yazi/main.lua"
    }
  }
}
[21:05:11.530][warn] [#0:script/proto/proto.lua:187]: Method [textDocument/documentSymbol] takes [29.488]sec. {
  id = 60,
  jsonrpc = "2.0",
  method = "textDocument/documentSymbol",
  params = {
    textDocument = {
      uri = "file:///Users/soc/Documents/Git/yazi/plugins/searchjump.yazi/main.lua"
    }
  }
}
[21:05:14.184][warn] [#0:script/proto/proto.lua:187]: Method [textDocument/documentSymbol] takes [29.949]sec. {
  id = 61,
  jsonrpc = "2.0",
  method = "textDocument/documentSymbol",
  params = {
    textDocument = {
      uri = "file:///Users/soc/Documents/Git/yazi/plugins/searchjump.yazi/main.lua"
    }
  }
}
[21:05:15.086][warn] [#0:script/proto/proto.lua:187]: Method [textDocument/documentSymbol] takes [30.329]sec. {
  id = 62,
  jsonrpc = "2.0",
  method = "textDocument/documentSymbol",
  params = {
    textDocument = {
      uri = "file:///Users/soc/Documents/Git/yazi/plugins/searchjump.yazi/main.lua"
    }
  }
}
[21:05:15.856][warn] [#0:script/proto/proto.lua:187]: Method [textDocument/documentSymbol] takes [30.665]sec. {
  id = 63,
  jsonrpc = "2.0",
  method = "textDocument/documentSymbol",
  params = {
    textDocument = {
      uri = "file:///Users/soc/Documents/Git/yazi/plugins/searchjump.yazi/main.lua"
    }
  }
}
[21:05:16.590][warn] [#0:script/proto/proto.lua:187]: Method [textDocument/documentSymbol] takes [31.095]sec. {
  id = 65,
  jsonrpc = "2.0",
  method = "textDocument/documentSymbol",
  params = {
    textDocument = {
      uri = "file:///Users/soc/Documents/Git/yazi/plugins/searchjump.yazi/main.lua"
    }
  }
}
[21:05:19.194][warn] [#0:script/await.lua:213]: Await step takes [1.167] sec.
[21:05:19.215][warn] [#0:script/proto/proto.lua:187]: Method [textDocument/documentSymbol] takes [32.276]sec. {
  id = 67,
  jsonrpc = "2.0",
  method = "textDocument/documentSymbol",
  params = {
    textDocument = {
      uri = "file:///Users/soc/Documents/Git/yazi/plugins/searchjump.yazi/main.lua"
    }
  }
}
[21:05:19.671][warn] [#0:script/proto/proto.lua:187]: Method [textDocument/documentSymbol] takes [32.655]sec. {
  id = 68,
  jsonrpc = "2.0",
  method = "textDocument/documentSymbol",
  params = {
    textDocument = {
      uri = "file:///Users/soc/Documents/Git/yazi/plugins/searchjump.yazi/main.lua"
    }
  }
}
[21:05:19.965][warn] [#0:script/proto/proto.lua:187]: Method [textDocument/documentSymbol] takes [32.937]sec. {
  id = 69,
  jsonrpc = "2.0",
  method = "textDocument/documentSymbol",
  params = {
    textDocument = {
      uri = "file:///Users/soc/Documents/Git/yazi/plugins/searchjump.yazi/main.lua"
    }
  }
}
[21:05:20.242][warn] [#0:script/proto/proto.lua:187]: Method [textDocument/documentSymbol] takes [33.203]sec. {
  id = 70,
  jsonrpc = "2.0",
  method = "textDocument/documentSymbol",
  params = {
    textDocument = {
      uri = "file:///Users/soc/Documents/Git/yazi/plugins/searchjump.yazi/main.lua"
    }
  }
}
[21:05:20.528][warn] [#0:script/proto/proto.lua:187]: Method [textDocument/documentSymbol] takes [33.472]sec. {
  id = 71,
  jsonrpc = "2.0",
  method = "textDocument/documentSymbol",
  params = {
    textDocument = {
      uri = "file:///Users/soc/Documents/Git/yazi/plugins/searchjump.yazi/main.lua"
    }
  }
}
[21:05:21.208][warn] [#0:script/await.lua:213]: Await step takes [0.624] sec.
[21:05:21.208][warn] [#0:script/proto/proto.lua:187]: Method [textDocument/documentSymbol] takes [34.094]sec. {
  id = 72,
  jsonrpc = "2.0",
  method = "textDocument/documentSymbol",
  params = {
    textDocument = {
      uri = "file:///Users/soc/Documents/Git/yazi/plugins/searchjump.yazi/main.lua"
    }
  }
}
[21:05:21.476][warn] [#0:script/proto/proto.lua:187]: Method [textDocument/documentSymbol] takes [34.344]sec. {
  id = 73,
  jsonrpc = "2.0",
  method = "textDocument/documentSymbol",
  params = {
    textDocument = {
      uri = "file:///Users/soc/Documents/Git/yazi/plugins/searchjump.yazi/main.lua"
    }
  }
}
[21:05:24.850][warn] [#0:script/proto/proto.lua:187]: Method [textDocument/documentSymbol] takes [34.641]sec. {
  id = 75,
  jsonrpc = "2.0",
  method = "textDocument/documentSymbol",
  params = {
    textDocument = {
      uri = "file:///Users/soc/Documents/Git/yazi/plugins/searchjump.yazi/main.lua"
    }
  }
}
[21:05:25.375][warn] [#0:script/proto/proto.lua:187]: Method [textDocument/documentHighlight] takes [6.857]sec. {
  id = 76,
  jsonrpc = "2.0",
  method = "textDocument/documentHighlight",
  params = {
    position = {
      character = 0,
      line = 10179
    },
    textDocument = {
      uri = "file:///Users/soc/Documents/Git/yazi/plugins/searchjump.yazi/main.lua"
    }
  }
}
[21:05:25.375][warn] [#0:script/proto/proto.lua:187]: Method [textDocument/documentHighlight] takes [6.470]sec. {
  id = 77,
  jsonrpc = "2.0",
  method = "textDocument/documentHighlight",
  params = {
    position = {
      character = 0,
      line = 10041
    },
    textDocument = {
      uri = "file:///Users/soc/Documents/Git/yazi/plugins/searchjump.yazi/main.lua"
    }
  }
}
[21:05:25.375][warn] [#0:script/proto/proto.lua:187]: Method [textDocument/documentHighlight] takes [6.470]sec. {
  id = 78,
  jsonrpc = "2.0",
  method = "textDocument/documentHighlight",
  params = {
    position = {
      character = 0,
      line = 10038
    },
    textDocument = {
      uri = "file:///Users/soc/Documents/Git/yazi/plugins/searchjump.yazi/main.lua"
    }
  }
}
[21:05:25.375][warn] [#0:script/proto/proto.lua:187]: Method [textDocument/documentHighlight] takes [6.088]sec. {
  id = 79,
  jsonrpc = "2.0",
  method = "textDocument/documentHighlight",
  params = {
    position = {
      character = 0,
      line = 9885
    },
    textDocument = {
      uri = "file:///Users/soc/Documents/Git/yazi/plugins/searchjump.yazi/main.lua"
    }
  }
}
[21:05:25.375][warn] [#0:script/proto/proto.lua:187]: Method [textDocument/documentHighlight] takes [5.163]sec. {
  id = 80,
  jsonrpc = "2.0",
  method = "textDocument/documentHighlight",
  params = {
    position = {
      character = 0,
      line = 9462
    },
    textDocument = {
      uri = "file:///Users/soc/Documents/Git/yazi/plugins/searchjump.yazi/main.lua"
    }
  }
}
[21:05:25.376][warn] [#0:script/proto/proto.lua:187]: Method [textDocument/documentHighlight] takes [4.783]sec. {
  id = 81,
  jsonrpc = "2.0",
  method = "textDocument/documentHighlight",
  params = {
    position = {
      character = 0,
      line = 9466
    },
    textDocument = {
      uri = "file:///Users/soc/Documents/Git/yazi/plugins/searchjump.yazi/main.lua"
    }
  }
}
[21:05:25.376][warn] [#0:script/proto/proto.lua:187]: Method [textDocument/documentHighlight] takes [4.777]sec. {
  id = 82,
  jsonrpc = "2.0",
  method = "textDocument/documentHighlight",
  params = {
    position = {
      character = 0,
      line = 9466
    },
    textDocument = {
      uri = "file:///Users/soc/Documents/Git/yazi/plugins/searchjump.yazi/main.lua"
    }
  }
}
[21:05:25.376][warn] [#0:script/proto/proto.lua:187]: Method [textDocument/documentHighlight] takes [4.772]sec. {
  id = 83,
  jsonrpc = "2.0",
  method = "textDocument/documentHighlight",
  params = {
    position = {
      character = 0,
      line = 9467
    },
    textDocument = {
      uri = "file:///Users/soc/Documents/Git/yazi/plugins/searchjump.yazi/main.lua"
    }
  }
}
[21:05:25.376][warn] [#0:script/proto/proto.lua:187]: Method [textDocument/documentHighlight] takes [4.438]sec. {
  id = 84,
  jsonrpc = "2.0",
  method = "textDocument/documentHighlight",
  params = {
    position = {
      character = 14,
      line = 9467
    },
    textDocument = {
      uri = "file:///Users/soc/Documents/Git/yazi/plugins/searchjump.yazi/main.lua"
    }
  }
}
[21:05:25.376][warn] [#0:script/proto/proto.lua:187]: Method [textDocument/documentHighlight] takes [4.004]sec. {
  id = 85,
  jsonrpc = "2.0",
  method = "textDocument/documentHighlight",
  params = {
    position = {
      character = 18,
      line = 9467
    },
    textDocument = {
      uri = "file:///Users/soc/Documents/Git/yazi/plugins/searchjump.yazi/main.lua"
    }
  }
}
[21:05:25.377][warn] [#0:script/proto/proto.lua:187]: Method [textDocument/documentHighlight] takes [2.829]sec. {
  id = 86,
  jsonrpc = "2.0",
  method = "textDocument/documentHighlight",
  params = {
    position = {
      character = 18,
      line = 9466
    },
    textDocument = {
      uri = "file:///Users/soc/Documents/Git/yazi/plugins/searchjump.yazi/main.lua"
    }
  }
}
[21:05:25.378][warn] [#0:script/proto/proto.lua:187]: Method [textDocument/documentHighlight] takes [2.819]sec. {
  id = 87,
  jsonrpc = "2.0",
  method = "textDocument/documentHighlight",
  params = {
    position = {
      character = 18,
      line = 9466
    },
    textDocument = {
      uri = "file:///Users/soc/Documents/Git/yazi/plugins/searchjump.yazi/main.lua"
    }
  }
}
[21:05:25.387][warn] [#0:script/core/diagnostics/init.lua:137]: Diagnostics [duplicate-index] @ [file:///Users/soc/Documents/Git/yazi/plugins/searchjump.yazi/main.lua] takes [23.141] sec!
[21:05:25.475][info] [#0:script/provider/diagnostic.lua:577]: Diagnostics scope [file:///Users/soc/Documents/Git/yazi/plugins/searchjump.yazi] finished, takes [87.755] sec.
[21:05:54.544][info] [#0:script/provider/provider.lua:169]: Server shutdown.
[21:05:54.650][warn] [#0:script/pub/report.lua:25]: Load proto error:	Disconnected!
